TN:
SF:E:\Ces-Archive\npc\src\permission.js
FN:12,(anonymous_1)
FN:21,(anonymous_2)
FN:23,(anonymous_3)
FN:27,(anonymous_4)
FN:28,(anonymous_5)
FN:48,(anonymous_6)
FNF:6
FNH:0
FNDA:0,(anonymous_1)
FNDA:0,(anonymous_2)
FNDA:0,(anonymous_3)
FNDA:0,(anonymous_4)
FNDA:0,(anonymous_5)
FNDA:0,(anonymous_6)
DA:1,0
DA:2,0
DA:3,0
DA:4,0
DA:5,0
DA:6,0
DA:10,0
DA:12,0
DA:13,0
DA:14,0
DA:16,0
DA:17,0
DA:18,0
DA:20,0
DA:21,0
DA:22,0
DA:23,0
DA:24,0
DA:25,0
DA:28,0
DA:29,0
DA:30,0
DA:34,0
DA:39,0
DA:40,0
DA:42,0
DA:43,0
DA:48,0
DA:49,0
LF:29
LH:0
BRDA:14,0,0,0
BRDA:14,0,1,0
BRDA:16,1,0,0
BRDA:16,1,1,0
BRDA:20,2,0,0
BRDA:20,2,1,0
BRDA:39,3,0,0
BRDA:39,3,1,0
BRF:8
BRH:0
end_of_record
TN:
SF:E:\Ces-Archive\npc\src\api\QueryRepeat.js
FN:3,fetchUnDefinedProperties
FNF:1
FNH:0
FNDA:0,fetchUnDefinedProperties
DA:1,0
DA:4,0
LF:2
LH:0
BRF:0
BRH:0
end_of_record
TN:
SF:E:\Ces-Archive\npc\src\api\archiveComponents.js
FN:3,fetchQueryPropertyByType
FN:11,OAUpdate
FN:19,fetchSeriesCode
FN:27,fetchPreviewTree
FN:35,fetchItemView
FN:43,fetchRelationTree
FNF:6
FNH:0
FNDA:0,fetchQueryPropertyByType
FNDA:0,OAUpdate
FNDA:0,fetchSeriesCode
FNDA:0,fetchPreviewTree
FNDA:0,fetchItemView
FNDA:0,fetchRelationTree
DA:1,0
DA:4,0
DA:12,0
DA:20,0
DA:28,0
DA:36,0
DA:44,0
LF:7
LH:0
BRF:0
BRH:0
end_of_record
TN:
SF:E:\Ces-Archive\npc\src\api\archiveDataView.js
FN:3,fetchListViews
FNF:1
FNH:0
FNDA:0,fetchListViews
DA:1,0
DA:4,0
LF:2
LH:0
BRF:0
BRH:0
end_of_record
TN:
SF:E:\Ces-Archive\npc\src\api\archiveDescription.js
FN:2,getSelect
FN:9,postFormData
FN:16,getEssentialSelect
FN:23,getUnDefine
FN:30,getDefine
FN:37,saveDefienAttr
FN:44,downLoadExcel
FN:51,setRecover
FNF:8
FNH:0
FNDA:0,getSelect
FNDA:0,postFormData
FNDA:0,getEssentialSelect
FNDA:0,getUnDefine
FNDA:0,getDefine
FNDA:0,saveDefienAttr
FNDA:0,downLoadExcel
FNDA:0,setRecover
DA:1,0
DA:3,0
DA:10,0
DA:17,0
DA:24,0
DA:31,0
DA:38,0
DA:45,0
DA:52,0
LF:9
LH:0
BRF:0
BRH:0
end_of_record
TN:
SF:E:\Ces-Archive\npc\src\api\archiveNoListDefine.js
FN:3,getAllList
FNF:1
FNH:0
FNDA:0,getAllList
DA:1,0
DA:4,0
LF:2
LH:0
BRF:0
BRH:0
end_of_record
TN:
SF:E:\Ces-Archive\npc\src\api\auditLog.js
FN:3,queryAll
FN:11,downLoad
FN:19,queryAlls
FN:27,queryInfo
FNF:4
FNH:0
FNDA:0,queryAll
FNDA:0,downLoad
FNDA:0,queryAlls
FNDA:0,queryInfo
DA:1,0
DA:4,0
DA:12,0
DA:20,0
DA:28,0
LF:5
LH:0
BRF:0
BRH:0
end_of_record
TN:
SF:E:\Ces-Archive\npc\src\api\batchConnection.js
FN:3,fetchAttach
FN:11,fetchUnAttach
FN:19,deleteAttach
FN:27,hangup
FN:35,fetchWaitForAttach
FNF:5
FNH:0
FNDA:0,fetchAttach
FNDA:0,fetchUnAttach
FNDA:0,deleteAttach
FNDA:0,hangup
FNDA:0,fetchWaitForAttach
DA:1,0
DA:4,0
DA:12,0
DA:20,0
DA:28,0
DA:36,0
LF:6
LH:0
BRF:0
BRH:0
end_of_record
TN:
SF:E:\Ces-Archive\npc\src\api\borrow.js
FN:3,fetchList
FN:11,saveBorrowInfo
FN:19,BackBorrowInfo
FN:27,fetchDetailList
FN:35,getRegisterList
FN:43,deleteList
FN:51,getRegister
FN:59,getQuery
FN:67,getEntryList
FN:75,getEntryIdList
FN:83,returenNice
FN:91,saveBorrow
FN:100,checkBorrowed
FN:109,confirmAll
FN:117,fetchTimeOutRemind
FN:125,fetchStatistic
FN:133,fetchChartData
FNF:17
FNH:0
FNDA:0,fetchList
FNDA:0,saveBorrowInfo
FNDA:0,BackBorrowInfo
FNDA:0,fetchDetailList
FNDA:0,getRegisterList
FNDA:0,deleteList
FNDA:0,getRegister
FNDA:0,getQuery
FNDA:0,getEntryList
FNDA:0,getEntryIdList
FNDA:0,returenNice
FNDA:0,saveBorrow
FNDA:0,checkBorrowed
FNDA:0,confirmAll
FNDA:0,fetchTimeOutRemind
FNDA:0,fetchStatistic
FNDA:0,fetchChartData
DA:1,0
DA:4,0
DA:12,0
DA:20,0
DA:28,0
DA:36,0
DA:44,0
DA:52,0
DA:60,0
DA:68,0
DA:76,0
DA:84,0
DA:92,0
DA:101,0
DA:110,0
DA:118,0
DA:126,0
DA:134,0
LF:18
LH:0
BRF:0
BRH:0
end_of_record
TN:
SF:E:\Ces-Archive\npc\src\api\borrowBus.js
FN:3,fetchList
FN:11,saveBorrowBus
FN:19,deleteBorrowBus
FNF:3
FNH:0
FNDA:0,fetchList
FNDA:0,saveBorrowBus
FNDA:0,deleteBorrowBus
DA:1,0
DA:4,0
DA:12,0
DA:20,0
LF:4
LH:0
BRF:0
BRH:0
end_of_record
TN:
SF:E:\Ces-Archive\npc\src\api\classifySearch.js
FN:3,getList
FNF:1
FNH:0
FNDA:0,getList
DA:1,0
DA:4,0
LF:2
LH:0
BRF:0
BRH:0
end_of_record
TN:
SF:E:\Ces-Archive\npc\src\api\codingDefine.js
FN:3,fetchCoding
FN:11,fetchCodingAll
FN:18,add
FN:26,edit
FN:34,fetchTreeData
FN:42,deletes
FN:50,addItem
FN:58,editItem
FN:66,deletesItems
FNF:9
FNH:0
FNDA:0,fetchCoding
FNDA:0,fetchCodingAll
FNDA:0,add
FNDA:0,edit
FNDA:0,fetchTreeData
FNDA:0,deletes
FNDA:0,addItem
FNDA:0,editItem
FNDA:0,deletesItems
DA:1,0
DA:4,0
DA:12,0
DA:19,0
DA:27,0
DA:35,0
DA:43,0
DA:51,0
DA:59,0
DA:67,0
LF:10
LH:0
BRF:0
BRH:0
end_of_record
TN:
SF:E:\Ces-Archive\npc\src\api\compilation.js
FN:3,fetchList
FN:11,create
FN:19,update
FN:27,remove
FN:35,fetchCompilationList
FN:43,deleteList
FN:51,editSaveMaterial
FN:59,fecthDirectory
FN:67,addDirectory
FN:75,updateDirectory
FN:83,deleteDirectory
FN:91,fecthMaterialTree
FN:99,addFolder
FN:107,editModify
FN:115,deletes
FN:123,addMaterial
FN:131,createEbook
FN:139,publish
FN:147,cancel
FNF:19
FNH:0
FNDA:0,fetchList
FNDA:0,create
FNDA:0,update
FNDA:0,remove
FNDA:0,fetchCompilationList
FNDA:0,deleteList
FNDA:0,editSaveMaterial
FNDA:0,fecthDirectory
FNDA:0,addDirectory
FNDA:0,updateDirectory
FNDA:0,deleteDirectory
FNDA:0,fecthMaterialTree
FNDA:0,addFolder
FNDA:0,editModify
FNDA:0,deletes
FNDA:0,addMaterial
FNDA:0,createEbook
FNDA:0,publish
FNDA:0,cancel
DA:1,0
DA:4,0
DA:12,0
DA:20,0
DA:28,0
DA:36,0
DA:44,0
DA:52,0
DA:60,0
DA:68,0
DA:76,0
DA:84,0
DA:92,0
DA:100,0
DA:108,0
DA:116,0
DA:124,0
DA:132,0
DA:140,0
DA:148,0
LF:20
LH:0
BRF:0
BRH:0
end_of_record
TN:
SF:E:\Ces-Archive\npc\src\api\countAction.js
FN:3,fetchCount
FNF:1
FNH:0
FNDA:0,fetchCount
DA:1,0
DA:4,0
LF:2
LH:0
BRF:0
BRH:0
end_of_record
TN:
SF:E:\Ces-Archive\npc\src\api\customStatistic.js
FN:3,fetchList
FN:11,queryArchiveType
FN:19,queryField
FN:27,deletes
FN:35,queryloakList
FN:43,queryNoloakList
FN:51,getFondsDepts
FN:59,saveLockList
FN:67,saveStatistics
FN:76,fecthEditTable
FNF:10
FNH:0
FNDA:0,fetchList
FNDA:0,queryArchiveType
FNDA:0,queryField
FNDA:0,deletes
FNDA:0,queryloakList
FNDA:0,queryNoloakList
FNDA:0,getFondsDepts
FNDA:0,saveLockList
FNDA:0,saveStatistics
FNDA:0,fecthEditTable
DA:1,0
DA:4,0
DA:12,0
DA:20,0
DA:28,0
DA:36,0
DA:44,0
DA:52,0
DA:60,0
DA:68,0
DA:77,0
LF:11
LH:0
BRF:0
BRH:0
end_of_record
TN:
SF:E:\Ces-Archive\npc\src\api\dataImport.js
FN:3,getTableList
FN:11,fetchDestPropertys
FN:19,importExcel
FN:28,delectArticles
FN:36,fetchDataImportList
FN:44,fetchDataImportRecord
FN:52,relevanceFolderFile
FNF:7
FNH:0
FNDA:0,getTableList
FNDA:0,fetchDestPropertys
FNDA:0,importExcel
FNDA:0,delectArticles
FNDA:0,fetchDataImportList
FNDA:0,fetchDataImportRecord
FNDA:0,relevanceFolderFile
DA:1,0
DA:4,0
DA:12,0
DA:20,0
DA:29,0
DA:37,0
DA:45,0
DA:53,0
LF:8
LH:0
BRF:0
BRH:0
end_of_record
TN:
SF:E:\Ces-Archive\npc\src\api\dgdAction.js
FN:3,fetchDgdList
FN:11,deletes
FN:19,preArchiving
FN:27,edit
FNF:4
FNH:0
FNDA:0,fetchDgdList
FNDA:0,deletes
FNDA:0,preArchiving
FNDA:0,edit
DA:1,0
DA:4,0
DA:12,0
DA:20,0
DA:28,0
LF:5
LH:0
BRF:0
BRH:0
end_of_record
TN:
SF:E:\Ces-Archive\npc\src\api\document.js
FN:3,fetchDocumentList
FN:11,deletesDocument
FN:19,queryPageList
FN:27,fetchDeleteList
FN:35,deleteForRever
FN:43,recoverDoc
FN:51,isDelParent
FN:59,fetchDownloadList
FN:67,removeDownloadList
FNF:9
FNH:0
FNDA:0,fetchDocumentList
FNDA:0,deletesDocument
FNDA:0,queryPageList
FNDA:0,fetchDeleteList
FNDA:0,deleteForRever
FNDA:0,recoverDoc
FNDA:0,isDelParent
FNDA:0,fetchDownloadList
FNDA:0,removeDownloadList
DA:1,0
DA:4,0
DA:12,0
DA:20,0
DA:28,0
DA:36,0
DA:44,0
DA:52,0
DA:60,0
DA:68,0
LF:10
LH:0
BRF:0
BRH:0
end_of_record
TN:
SF:E:\Ces-Archive\npc\src\api\excelExport.js
FN:3,getList
FN:11,getNoList
FN:19,saveList
FN:27,List
FNF:4
FNH:0
FNDA:0,getList
FNDA:0,getNoList
FNDA:0,saveList
FNDA:0,List
DA:1,0
DA:4,0
DA:12,0
DA:20,0
DA:28,0
LF:5
LH:0
BRF:0
BRH:0
end_of_record
TN:
SF:E:\Ces-Archive\npc\src\api\file.js
FN:3,fetchGridData
FN:11,fetchFileNo
FN:19,add
FN:27,edit
FN:35,deletes
FN:43,deptCheck
FN:51,submitZlbm
FN:59,receive
FN:67,reject
FN:75,fetchDeleteList
FN:83,isDelParent
FN:91,recoverFile
FN:99,recoverFolder
FN:107,recoverDocument
FN:115,deleteForRever
FN:123,deleteAllForRever
FN:131,getInternalTransfer
FN:138,handOver
FN:146,remove
FN:154,fetchTitlePropers
FN:162,fetchComposeInfo
FN:170,finish
FN:178,validateYj
FN:186,getQueryFileList
FN:194,getQueryRelevance
FN:202,removeRelevance
FN:211,addRelevance
FN:220,getCodingFile
FN:228,isFinishing
FN:236,fetchRejectInfo
FN:244,generateFileReport
FNF:31
FNH:0
FNDA:0,fetchGridData
FNDA:0,fetchFileNo
FNDA:0,add
FNDA:0,edit
FNDA:0,deletes
FNDA:0,deptCheck
FNDA:0,submitZlbm
FNDA:0,receive
FNDA:0,reject
FNDA:0,fetchDeleteList
FNDA:0,isDelParent
FNDA:0,recoverFile
FNDA:0,recoverFolder
FNDA:0,recoverDocument
FNDA:0,deleteForRever
FNDA:0,deleteAllForRever
FNDA:0,getInternalTransfer
FNDA:0,handOver
FNDA:0,remove
FNDA:0,fetchTitlePropers
FNDA:0,fetchComposeInfo
FNDA:0,finish
FNDA:0,validateYj
FNDA:0,getQueryFileList
FNDA:0,getQueryRelevance
FNDA:0,removeRelevance
FNDA:0,addRelevance
FNDA:0,getCodingFile
FNDA:0,isFinishing
FNDA:0,fetchRejectInfo
FNDA:0,generateFileReport
DA:1,0
DA:4,0
DA:12,0
DA:20,0
DA:28,0
DA:36,0
DA:44,0
DA:52,0
DA:60,0
DA:68,0
DA:76,0
DA:84,0
DA:92,0
DA:100,0
DA:108,0
DA:116,0
DA:124,0
DA:132,0
DA:139,0
DA:147,0
DA:155,0
DA:163,0
DA:171,0
DA:179,0
DA:187,0
DA:195,0
DA:203,0
DA:212,0
DA:221,0
DA:229,0
DA:237,0
DA:245,0
LF:32
LH:0
BRF:0
BRH:0
end_of_record
TN:
SF:E:\Ces-Archive\npc\src\api\fillBox.js
FN:3,fetchBoxList
FN:11,checkBoxNo
FN:19,add
FN:27,addJudge
FN:35,edit
FN:43,deletes
FN:51,checkStored
FNF:7
FNH:0
FNDA:0,fetchBoxList
FNDA:0,checkBoxNo
FNDA:0,add
FNDA:0,addJudge
FNDA:0,edit
FNDA:0,deletes
FNDA:0,checkStored
DA:1,0
DA:4,0
DA:12,0
DA:20,0
DA:28,0
DA:36,0
DA:44,0
DA:52,0
LF:8
LH:0
BRF:0
BRH:0
end_of_record
TN:
SF:E:\Ces-Archive\npc\src\api\folder.js
FN:3,fetchGridData
FN:11,fetchFolderNo
FN:19,add
FN:27,edit
FN:35,deletes
FN:43,deptCheck
FN:51,submitZlbm
FN:59,receive
FN:67,reject
FN:75,takeApartVerify
FN:83,takeApart
FN:91,compose
FN:99,finish
FN:107,insertItems
FN:115,fetchDeleteList
FN:123,isDelParent
FN:131,deleteForRever
FN:139,recoverFolder
FN:147,handOver
FN:155,getQueryFolderList
FN:163,getCodingFolder
FN:171,isFinishing
FN:179,fetchRejectInfo
FN:187,generateFolderReport
FNF:24
FNH:0
FNDA:0,fetchGridData
FNDA:0,fetchFolderNo
FNDA:0,add
FNDA:0,edit
FNDA:0,deletes
FNDA:0,deptCheck
FNDA:0,submitZlbm
FNDA:0,receive
FNDA:0,reject
FNDA:0,takeApartVerify
FNDA:0,takeApart
FNDA:0,compose
FNDA:0,finish
FNDA:0,insertItems
FNDA:0,fetchDeleteList
FNDA:0,isDelParent
FNDA:0,deleteForRever
FNDA:0,recoverFolder
FNDA:0,handOver
FNDA:0,getQueryFolderList
FNDA:0,getCodingFolder
FNDA:0,isFinishing
FNDA:0,fetchRejectInfo
FNDA:0,generateFolderReport
DA:1,0
DA:4,0
DA:12,0
DA:20,0
DA:28,0
DA:36,0
DA:44,0
DA:52,0
DA:60,0
DA:68,0
DA:76,0
DA:84,0
DA:92,0
DA:100,0
DA:108,0
DA:116,0
DA:124,0
DA:132,0
DA:140,0
DA:148,0
DA:156,0
DA:164,0
DA:172,0
DA:180,0
DA:188,0
LF:25
LH:0
BRF:0
BRH:0
end_of_record
TN:
SF:E:\Ces-Archive\npc\src\api\fondsDept.js
FN:3,fetchList
FN:11,addSave
FN:19,editSave
FN:27,gridDeletes
FN:35,fetchCreateIndex
FN:43,fetchAddIndex
FN:51,fetchNewCreateIndex
FNF:7
FNH:0
FNDA:0,fetchList
FNDA:0,addSave
FNDA:0,editSave
FNDA:0,gridDeletes
FNDA:0,fetchCreateIndex
FNDA:0,fetchAddIndex
FNDA:0,fetchNewCreateIndex
DA:1,0
DA:4,0
DA:12,0
DA:20,0
DA:28,0
DA:36,0
DA:44,0
DA:52,0
LF:8
LH:0
BRF:0
BRH:0
end_of_record
TN:
SF:E:\Ces-Archive\npc\src\api\handOver.js
FN:3,fetchHandOverList
FN:11,add
FN:19,edit
FN:27,deletes
FN:35,deptCheck
FN:43,filing
FN:51,receive
FN:59,reject
FNF:8
FNH:0
FNDA:0,fetchHandOverList
FNDA:0,add
FNDA:0,edit
FNDA:0,deletes
FNDA:0,deptCheck
FNDA:0,filing
FNDA:0,receive
FNDA:0,reject
DA:1,0
DA:4,0
DA:12,0
DA:20,0
DA:28,0
DA:36,0
DA:44,0
DA:52,0
DA:60,0
LF:9
LH:0
BRF:0
BRH:0
end_of_record
TN:
SF:E:\Ces-Archive\npc\src\api\integrativeQuery.js
FN:3,fetchList
FN:11,fetchGroup
FN:19,addSearch
FNF:3
FNH:0
FNDA:0,fetchList
FNDA:0,fetchGroup
FNDA:0,addSearch
DA:1,0
DA:4,0
DA:12,0
DA:20,0
LF:4
LH:0
BRF:0
BRH:0
end_of_record
TN:
SF:E:\Ces-Archive\npc\src\api\jointDoc.js
FN:3,startProcessInstance
FN:11,add
FN:19,edit
FN:27,deletes
FN:35,checkConfim
FNF:5
FNH:0
FNDA:0,startProcessInstance
FNDA:0,add
FNDA:0,edit
FNDA:0,deletes
FNDA:0,checkConfim
DA:1,0
DA:4,0
DA:12,0
DA:20,0
DA:28,0
DA:36,0
LF:6
LH:0
BRF:0
BRH:0
end_of_record
TN:
SF:E:\Ces-Archive\npc\src\api\judge.js
FN:3,fetchList
FN:11,add
FN:19,edit
FN:27,deletes
FN:35,checkConfim
FN:43,checkSubmit
FN:51,judgeConfim
FN:59,fetchItemList
FN:67,pastedArchivePage
FN:75,down
FN:83,addItemList
FN:91,fetchGridDataFile
FN:99,onAppraisal
FN:107,deletesFile
FN:115,fetchDefineNames
FN:123,destructionFileNames
FN:131,fetchJudgeStatis
FN:139,fetchJudgeDatas
FN:147,fetchJudgeReport
FN:155,fetchChartData
FN:163,startProcessInstance
FN:171,getAlluser
FN:179,updateJugeItembmldshr
FNF:23
FNH:0
FNDA:0,fetchList
FNDA:0,add
FNDA:0,edit
FNDA:0,deletes
FNDA:0,checkConfim
FNDA:0,checkSubmit
FNDA:0,judgeConfim
FNDA:0,fetchItemList
FNDA:0,pastedArchivePage
FNDA:0,down
FNDA:0,addItemList
FNDA:0,fetchGridDataFile
FNDA:0,onAppraisal
FNDA:0,deletesFile
FNDA:0,fetchDefineNames
FNDA:0,destructionFileNames
FNDA:0,fetchJudgeStatis
FNDA:0,fetchJudgeDatas
FNDA:0,fetchJudgeReport
FNDA:0,fetchChartData
FNDA:0,startProcessInstance
FNDA:0,getAlluser
FNDA:0,updateJugeItembmldshr
DA:1,0
DA:4,0
DA:12,0
DA:20,0
DA:28,0
DA:36,0
DA:44,0
DA:52,0
DA:60,0
DA:68,0
DA:76,0
DA:84,0
DA:92,0
DA:100,0
DA:108,0
DA:116,0
DA:124,0
DA:132,0
DA:140,0
DA:148,0
DA:156,0
DA:164,0
DA:172,0
DA:180,0
LF:24
LH:0
BRF:0
BRH:0
end_of_record
TN:
SF:E:\Ces-Archive\npc\src\api\login.js
FN:3,loginByUsername
FN:15,logout
FN:22,getUserInfo
FNF:3
FNH:0
FNDA:0,loginByUsername
FNDA:0,logout
FNDA:0,getUserInfo
DA:1,0
DA:4,0
DA:8,0
DA:16,0
DA:23,0
LF:5
LH:0
BRF:0
BRH:0
end_of_record
TN:
SF:E:\Ces-Archive\npc\src\api\medium.js
FN:3,fetchList
FN:11,add
FN:20,deletes
FN:28,countFileSize
FNF:4
FNH:0
FNDA:0,fetchList
FNDA:0,add
FNDA:0,deletes
FNDA:0,countFileSize
DA:1,0
DA:4,0
DA:12,0
DA:21,0
DA:29,0
LF:5
LH:0
BRF:0
BRH:0
end_of_record
TN:
SF:E:\Ces-Archive\npc\src\api\message.js
FN:3,fetchList
FN:11,fetchInfo
FN:19,remove
FNF:3
FNH:0
FNDA:0,fetchList
FNDA:0,fetchInfo
FNDA:0,remove
DA:1,0
DA:4,0
DA:12,0
DA:20,0
LF:4
LH:0
BRF:0
BRH:0
end_of_record
TN:
SF:E:\Ces-Archive\npc\src\api\metaData.js
FN:3,fetchList
FN:11,add
FN:19,edit
FN:27,deletes
FNF:4
FNH:0
FNDA:0,fetchList
FNDA:0,add
FNDA:0,edit
FNDA:0,deletes
DA:1,0
DA:4,0
DA:12,0
DA:20,0
DA:28,0
LF:5
LH:0
BRF:0
BRH:0
end_of_record
TN:
SF:E:\Ces-Archive\npc\src\api\notice.js
FN:3,fetchList
FN:11,remove
FN:19,create
FN:27,update
FN:35,getInfo
FNF:5
FNH:0
FNDA:0,fetchList
FNDA:0,remove
FNDA:0,create
FNDA:0,update
FNDA:0,getInfo
DA:1,0
DA:4,0
DA:12,0
DA:20,0
DA:28,0
DA:36,0
LF:6
LH:0
BRF:0
BRH:0
end_of_record
TN:
SF:E:\Ces-Archive\npc\src\api\reportDefine.js
FN:3,fetchTreeData
FN:11,fetchList
FN:19,addList
FN:27,editList
FN:35,deleteList
FN:43,fetchListAssignedReport
FN:60,DefineHockList
FN:68,unDefineHockList
FN:76,saveHockList
FN:84,copySelectTo
FN:92,copyCower
FN:100,copyOk
FN:108,reportUpload
FN:116,downloadReport
FN:124,downloadReportNull
FN:132,getRecords
FN:140,getFile
FNF:17
FNH:0
FNDA:0,fetchTreeData
FNDA:0,fetchList
FNDA:0,addList
FNDA:0,editList
FNDA:0,deleteList
FNDA:0,fetchListAssignedReport
FNDA:0,DefineHockList
FNDA:0,unDefineHockList
FNDA:0,saveHockList
FNDA:0,copySelectTo
FNDA:0,copyCower
FNDA:0,copyOk
FNDA:0,reportUpload
FNDA:0,downloadReport
FNDA:0,downloadReportNull
FNDA:0,getRecords
FNDA:0,getFile
DA:1,0
DA:4,0
DA:12,0
DA:20,0
DA:28,0
DA:36,0
DA:44,0
DA:52,0
DA:61,0
DA:69,0
DA:77,0
DA:85,0
DA:93,0
DA:101,0
DA:109,0
DA:117,0
DA:125,0
DA:133,0
DA:141,0
LF:19
LH:0
BRF:0
BRH:0
end_of_record
TN:
SF:E:\Ces-Archive\npc\src\api\storageStatistic.js
FN:3,fetchStatistic
FN:11,queryStatistic
FN:19,fetchChartData
FN:27,queryChartData
FN:35,fetchHomePageChart
FNF:5
FNH:0
FNDA:0,fetchStatistic
FNDA:0,queryStatistic
FNDA:0,fetchChartData
FNDA:0,queryChartData
FNDA:0,fetchHomePageChart
DA:1,0
DA:4,0
DA:12,0
DA:20,0
DA:28,0
DA:36,0
LF:6
LH:0
BRF:0
BRH:0
end_of_record
TN:
SF:E:\Ces-Archive\npc\src\api\systemAction.js
FN:3,fetchFondsCode
FN:11,fetchUsersByAuth
FN:19,fetchDeptsByAuth
FN:27,fetchSectionByAuth
FN:35,fetchDeptList
FN:42,fetchJurisdictionDeptsList
FN:49,fetchgetDefineTree
FN:57,fetchResourceTree
FN:65,fetchCustomDefinedDetail
FN:73,saveDataDoc
FN:82,applyDefineTo
FN:91,fetchModuleState
FN:99,fetchSysDepts
FN:107,fetchDeptUsers
FN:115,treeViews
FNF:15
FNH:0
FNDA:0,fetchFondsCode
FNDA:0,fetchUsersByAuth
FNDA:0,fetchDeptsByAuth
FNDA:0,fetchSectionByAuth
FNDA:0,fetchDeptList
FNDA:0,fetchJurisdictionDeptsList
FNDA:0,fetchgetDefineTree
FNDA:0,fetchResourceTree
FNDA:0,fetchCustomDefinedDetail
FNDA:0,saveDataDoc
FNDA:0,applyDefineTo
FNDA:0,fetchModuleState
FNDA:0,fetchSysDepts
FNDA:0,fetchDeptUsers
FNDA:0,treeViews
DA:1,0
DA:4,0
DA:12,0
DA:20,0
DA:28,0
DA:36,0
DA:43,0
DA:50,0
DA:58,0
DA:66,0
DA:74,0
DA:83,0
DA:92,0
DA:100,0
DA:108,0
DA:116,0
LF:16
LH:0
BRF:0
BRH:0
end_of_record
TN:
SF:E:\Ces-Archive\npc\src\api\yearReportAction.js
FN:3,count
FN:11,getNbtj
FN:19,add
FNF:3
FNH:0
FNDA:0,count
FNDA:0,getNbtj
FNDA:0,add
DA:1,0
DA:4,0
DA:12,0
DA:20,0
LF:4
LH:0
BRF:0
BRH:0
end_of_record
TN:
SF:E:\Ces-Archive\npc\src\api\appDefine\archiveNoDefine.js
FN:3,fetchAllArchiveNoList
FN:11,fetchDefineNames
FN:19,fetchAllArchiveDictList
FN:27,fetchAllFlowNoArchiveDictList
FN:35,fetchAllArchiveNoArchiveDictList
FN:43,saveArchiveNoDefine
FN:52,applyDefine
FN:61,addOrModifyArchiveNo
FN:69,deleteArchiveNo
FNF:9
FNH:0
FNDA:0,fetchAllArchiveNoList
FNDA:0,fetchDefineNames
FNDA:0,fetchAllArchiveDictList
FNDA:0,fetchAllFlowNoArchiveDictList
FNDA:0,fetchAllArchiveNoArchiveDictList
FNDA:0,saveArchiveNoDefine
FNDA:0,applyDefine
FNDA:0,addOrModifyArchiveNo
FNDA:0,deleteArchiveNo
DA:1,0
DA:4,0
DA:12,0
DA:20,0
DA:28,0
DA:36,0
DA:44,0
DA:53,0
DA:62,0
DA:70,0
LF:10
LH:0
BRF:0
BRH:0
end_of_record
TN:
SF:E:\Ces-Archive\npc\src\api\appDefine\formDefine.js
FN:3,fetchAllNames
FN:11,fetchDefineNames
FN:19,fetchConfig
FN:27,save
FN:35,applyDefine
FNF:5
FNH:0
FNDA:0,fetchAllNames
FNDA:0,fetchDefineNames
FNDA:0,fetchConfig
FNDA:0,save
FNDA:0,applyDefine
DA:1,0
DA:4,0
DA:12,0
DA:20,0
DA:28,0
DA:36,0
LF:6
LH:0
BRF:0
BRH:0
end_of_record
TN:
SF:E:\Ces-Archive\npc\src\api\appDefine\listDefine.js
FN:3,fetchAllNames
FN:11,fetchDefineNames
FN:19,save
FN:28,applyDefine
FNF:4
FNH:0
FNDA:0,fetchAllNames
FNDA:0,fetchDefineNames
FNDA:0,save
FNDA:0,applyDefine
DA:1,0
DA:4,0
DA:12,0
DA:20,0
DA:29,0
LF:5
LH:0
BRF:0
BRH:0
end_of_record
TN:
SF:E:\Ces-Archive\npc\src\api\appDefine\queryDefine.js
FN:3,fetchAllNames
FN:11,fetchDefineNames
FN:19,save
FN:28,applyDefine
FNF:4
FNH:0
FNDA:0,fetchAllNames
FNDA:0,fetchDefineNames
FNDA:0,save
FNDA:0,applyDefine
DA:1,0
DA:4,0
DA:12,0
DA:20,0
DA:29,0
LF:5
LH:0
BRF:0
BRH:0
end_of_record
TN:
SF:E:\Ces-Archive\npc\src\api\appDefine\reportDefine.js
FN:3,fetchAllNames
FN:11,fetchDefineNames
FN:19,save
FN:27,applyDefine
FNF:4
FNH:0
FNDA:0,fetchAllNames
FNDA:0,fetchDefineNames
FNDA:0,save
FNDA:0,applyDefine
DA:1,0
DA:4,0
DA:12,0
DA:20,0
DA:28,0
LF:5
LH:0
BRF:0
BRH:0
end_of_record
TN:
SF:E:\Ces-Archive\npc\src\api\appDefine\sortDefine.js
FN:3,fetchAllNames
FN:11,fetchDefineNames
FN:19,save
FN:28,applyDefine
FNF:4
FNH:0
FNDA:0,fetchAllNames
FNDA:0,fetchDefineNames
FNDA:0,save
FNDA:0,applyDefine
DA:1,0
DA:4,0
DA:12,0
DA:20,0
DA:29,0
LF:5
LH:0
BRF:0
BRH:0
end_of_record
TN:
SF:E:\Ces-Archive\npc\src\api\archiveRange\archiveRange.js
FN:3,fetchList
FN:11,addSave
FN:19,editSave
FN:27,deletes
FNF:4
FNH:0
FNDA:0,fetchList
FNDA:0,addSave
FNDA:0,editSave
FNDA:0,deletes
DA:1,0
DA:4,0
DA:12,0
DA:20,0
DA:28,0
LF:5
LH:0
BRF:0
BRH:0
end_of_record
TN:
SF:E:\Ces-Archive\npc\src\api\archiveRange\archiveRangeType.js
FN:3,fetchRangeYear
FN:10,fetchTreeData
FN:18,fetchTreeDataNew
FN:26,addSave
FN:34,editSave
FN:42,deletes
FN:50,remove
FN:58,sort
FNF:8
FNH:0
FNDA:0,fetchRangeYear
FNDA:0,fetchTreeData
FNDA:0,fetchTreeDataNew
FNDA:0,addSave
FNDA:0,editSave
FNDA:0,deletes
FNDA:0,remove
FNDA:0,sort
DA:1,0
DA:4,0
DA:11,0
DA:19,0
DA:27,0
DA:35,0
DA:43,0
DA:51,0
DA:59,0
LF:9
LH:0
BRF:0
BRH:0
end_of_record
TN:
SF:E:\Ces-Archive\npc\src\api\archiveTreeDefine\archiveTree.js
FN:3,fetchTreeData
FN:11,add
FN:19,batchAdd
FN:28,edit
FN:36,deletes
FN:44,fetchListProperty
FN:52,getListProperty1
FN:60,addRelation
FN:68,fetchTreeViewChecked
FN:76,modifyArchiveTreeView
FNF:10
FNH:0
FNDA:0,fetchTreeData
FNDA:0,add
FNDA:0,batchAdd
FNDA:0,edit
FNDA:0,deletes
FNDA:0,fetchListProperty
FNDA:0,getListProperty1
FNDA:0,addRelation
FNDA:0,fetchTreeViewChecked
FNDA:0,modifyArchiveTreeView
DA:1,0
DA:4,0
DA:12,0
DA:20,0
DA:29,0
DA:37,0
DA:45,0
DA:53,0
DA:61,0
DA:69,0
DA:77,0
LF:11
LH:0
BRF:0
BRH:0
end_of_record
TN:
SF:E:\Ces-Archive\npc\src\api\archiveTreeDefine\archiveTreeBusiness.js
FN:3,fetchList
FN:11,add
FN:19,edit
FN:27,deletes
FN:35,copy
FNF:5
FNH:0
FNDA:0,fetchList
FNDA:0,add
FNDA:0,edit
FNDA:0,deletes
FNDA:0,copy
DA:1,0
DA:4,0
DA:12,0
DA:20,0
DA:28,0
DA:36,0
LF:6
LH:0
BRF:0
BRH:0
end_of_record
TN:
SF:E:\Ces-Archive\npc\src\api\archiveTreeDefine\archiveTreeView.js
FN:3,fetchTreeViewCheckedJz
FN:11,fetchTreeWidthCheck
FN:19,addArchiveTreeView
FN:28,modifyArchiveTreeView
FN:36,fetchTreeData
FN:44,jzFetchTreeData
FN:52,batchAdd
FN:61,addJz
FN:69,deletesJz
FN:77,editJz
FNF:10
FNH:0
FNDA:0,fetchTreeViewCheckedJz
FNDA:0,fetchTreeWidthCheck
FNDA:0,addArchiveTreeView
FNDA:0,modifyArchiveTreeView
FNDA:0,fetchTreeData
FNDA:0,jzFetchTreeData
FNDA:0,batchAdd
FNDA:0,addJz
FNDA:0,deletesJz
FNDA:0,editJz
DA:1,0
DA:4,0
DA:12,0
DA:20,0
DA:29,0
DA:37,0
DA:45,0
DA:53,0
DA:62,0
DA:70,0
DA:78,0
LF:11
LH:0
BRF:0
BRH:0
end_of_record
TN:
SF:E:\Ces-Archive\npc\src\api\archiveTypeDefine\archiveType.js
FN:3,fetchTreeData
FN:11,fetchArchiveTypeList
FN:19,deletes
FN:27,add
FN:35,edit
FN:43,toSystem
FN:51,unSystem
FN:59,fetchCustomDefine
FN:67,addCustomDefine
FN:75,deleteCustomDefine
FN:83,fetchModuleOption
FN:91,isArchiveInUse
FN:99,findByType
FN:107,fetchArchiveTypes
FNF:14
FNH:0
FNDA:0,fetchTreeData
FNDA:0,fetchArchiveTypeList
FNDA:0,deletes
FNDA:0,add
FNDA:0,edit
FNDA:0,toSystem
FNDA:0,unSystem
FNDA:0,fetchCustomDefine
FNDA:0,addCustomDefine
FNDA:0,deleteCustomDefine
FNDA:0,fetchModuleOption
FNDA:0,isArchiveInUse
FNDA:0,findByType
FNDA:0,fetchArchiveTypes
DA:1,0
DA:4,0
DA:12,0
DA:20,0
DA:28,0
DA:36,0
DA:44,0
DA:52,0
DA:60,0
DA:68,0
DA:76,0
DA:84,0
DA:92,0
DA:100,0
DA:108,0
LF:15
LH:0
BRF:0
BRH:0
end_of_record
TN:
SF:E:\Ces-Archive\npc\src\api\archiveTypeDefine\property.js
FN:3,fetchList
FN:11,add
FN:19,edit
FN:27,deletes
FN:35,toSystem
FN:43,unSystem
FN:51,fetchCustomDefine
FN:59,addCustomDefine
FN:67,deleteCustomDefine
FN:75,fetchModuleOption
FN:83,save
FN:91,apply
FN:99,fetchPropertyAll
FN:107,fetchPropertysAll
FNF:14
FNH:0
FNDA:0,fetchList
FNDA:0,add
FNDA:0,edit
FNDA:0,deletes
FNDA:0,toSystem
FNDA:0,unSystem
FNDA:0,fetchCustomDefine
FNDA:0,addCustomDefine
FNDA:0,deleteCustomDefine
FNDA:0,fetchModuleOption
FNDA:0,save
FNDA:0,apply
FNDA:0,fetchPropertyAll
FNDA:0,fetchPropertysAll
DA:1,0
DA:4,0
DA:12,0
DA:20,0
DA:28,0
DA:36,0
DA:44,0
DA:52,0
DA:60,0
DA:68,0
DA:76,0
DA:84,0
DA:92,0
DA:100,0
DA:108,0
LF:15
LH:0
BRF:0
BRH:0
end_of_record
TN:
SF:E:\Ces-Archive\npc\src\assets\echarts-macarons.js
FN:2,(anonymous_1)
FN:13,(anonymous_2)
FN:14,log
FNF:3
FNH:0
FNDA:0,(anonymous_1)
FNDA:0,(anonymous_2)
FNDA:0,log
DA:2,0
DA:3,0
DA:5,0
DA:6,0
DA:8,0
DA:11,0
DA:14,0
DA:15,0
DA:16,0
DA:19,0
DA:20,0
DA:21,0
DA:24,0
DA:32,0
DA:198,0
LF:15
LH:0
BRDA:3,0,0,0
BRDA:3,0,1,0
BRDA:3,1,0,0
BRDA:3,1,1,0
BRDA:6,2,0,0
BRDA:6,2,1,0
BRDA:6,3,0,0
BRDA:6,3,1,0
BRDA:6,4,0,0
BRDA:6,4,1,0
BRDA:15,5,0,0
BRDA:15,5,1,0
BRDA:16,6,0,0
BRDA:16,6,1,0
BRDA:16,6,2,0
BRDA:19,7,0,0
BRDA:19,7,1,0
BRF:17
BRH:0
end_of_record
TN:
SF:E:\Ces-Archive\npc\src\assets\icomoon\demo-files\demo.js
FN:5,(anonymous_0)
FN:13,(anonymous_1)
FN:17,updateTest
FN:23,updateSize
FNF:4
FNH:0
FNDA:0,(anonymous_0)
FNDA:0,(anonymous_1)
FNDA:0,updateTest
FNDA:0,updateSize
DA:1,0
DA:2,0
DA:5,0
DA:6,0
DA:7,0
DA:9,0
DA:13,0
DA:14,0
DA:15,0
DA:16,0
DA:18,0
DA:19,0
DA:20,0
DA:24,0
DA:26,0
DA:27,0
DA:28,0
DA:29,0
LF:18
LH:0
BRDA:1,0,0,0
BRDA:1,0,1,0
BRDA:7,1,0,0
BRDA:7,1,1,0
BRDA:7,2,0,0
BRDA:7,2,1,0
BRDA:18,3,0,0
BRDA:18,3,1,0
BRDA:19,4,0,0
BRDA:19,4,1,0
BRF:10
BRH:0
end_of_record
TN:
SF:E:\Ces-Archive\npc\src\components\Breadcrumb\index.vue
FN:15,created
FN:18,data
FN:24,$route
FN:29,getBreadcrumb
FN:30,(anonymous_5)
FNF:5
FNH:0
FNDA:0,created
FNDA:0,data
FNDA:0,$route
FNDA:0,getBreadcrumb
FNDA:0,(anonymous_5)
DA:16,0
DA:19,0
DA:25,0
DA:30,0
DA:31,0
DA:32,0
DA:33,0
DA:35,0
LF:8
LH:0
BRDA:32,0,0,0
BRDA:32,0,1,0
BRDA:32,1,0,0
BRDA:32,1,1,0
BRF:4
BRH:0
end_of_record
TN:
SF:E:\Ces-Archive\npc\src\components\Charts\BarChart.vue
FN:27,_default
FN:33,_default
FN:39,_default
FN:65,data
FN:72,handler
FN:78,mounted
FN:80,(anonymous_8)
FN:87,beforeDestroy
FN:96,initChart
FN:132,(anonymous_11)
FN:136,resetChart
FNF:11
FNH:0
FNDA:0,_default
FNDA:0,_default
FNDA:0,_default
FNDA:0,data
FNDA:0,handler
FNDA:0,mounted
FNDA:0,(anonymous_8)
FNDA:0,beforeDestroy
FNDA:0,initChart
FNDA:0,(anonymous_11)
FNDA:0,resetChart
DA:6,0
DA:7,0
DA:8,0
DA:9,0
DA:28,0
DA:34,0
DA:40,0
DA:66,0
DA:73,0
DA:78,0
DA:79,0
DA:80,0
DA:81,0
DA:82,0
DA:85,0
DA:88,0
DA:89,0
DA:91,0
DA:92,0
DA:93,0
DA:97,0
DA:99,0
DA:131,0
DA:132,0
DA:133,0
DA:137,0
LF:26
LH:0
BRDA:81,0,0,0
BRDA:81,0,1,0
BRDA:88,1,0,0
BRDA:88,1,1,0
BRF:4
BRH:0
end_of_record
TN:
SF:E:\Ces-Archive\npc\src\components\Charts\mixins\resize.js
FN:3,mounted
FN:5,(anonymous_1)
FN:3,beforeDestroy
FNF:3
FNH:0
FNDA:0,mounted
FNDA:0,(anonymous_1)
FNDA:0,beforeDestroy
DA:1,0
DA:4,0
DA:5,0
DA:6,0
DA:7,0
DA:10,0
DA:13,0
LF:7
LH:0
BRDA:6,0,0,0
BRDA:6,0,1,0
BRF:2
BRH:0
end_of_record
TN:
SF:E:\Ces-Archive\npc\src\components\FondsCodeSelect\index.vue
FN:15,data
FNF:1
FNH:0
FNDA:0,data
DA:16,0
LF:1
LH:0
BRF:0
BRH:0
end_of_record
TN:
SF:E:\Ces-Archive\npc\src\components\PrintCell\index.vue
FN:26,created
FN:30,initCell
FN:33,openCell
FN:42,fillCellData
FN:55,handlePreview
FN:59,handlePrint
FN:63,handleExportPdf
FN:82,handleExportCll
FN:86,mounted
FNF:9
FNH:0
FNDA:0,created
FNDA:0,initCell
FNDA:0,openCell
FNDA:0,fillCellData
FNDA:0,handlePreview
FNDA:0,handlePrint
FNDA:0,handleExportPdf
FNDA:0,handleExportCll
FNDA:0,mounted
DA:31,0
DA:34,0
DA:35,0
DA:36,0
DA:38,0
DA:39,0
DA:43,0
DA:44,0
DA:45,0
DA:46,0
DA:47,0
DA:48,0
DA:49,0
DA:50,0
DA:51,0
DA:56,0
DA:57,0
DA:60,0
DA:61,0
DA:64,0
DA:65,0
DA:66,0
DA:67,0
DA:68,0
DA:69,0
DA:70,0
DA:71,0
DA:72,0
DA:73,0
DA:74,0
DA:79,0
DA:83,0
DA:87,0
LF:33
LH:0
BRDA:35,0,0,0
BRDA:35,0,1,0
BRDA:49,1,0,0
BRDA:49,1,1,0
BRDA:50,2,0,0
BRDA:50,2,1,0
BRDA:73,3,0,0
BRDA:73,3,1,0
BRF:8
BRH:0
end_of_record
TN:
SF:E:\Ces-Archive\npc\src\components\ScrollBar\index.vue
FN:14,data
FN:20,handleScroll
FNF:2
FNH:0
FNDA:0,data
FNDA:0,handleScroll
DA:10,0
DA:15,0
DA:21,0
DA:22,0
DA:23,0
DA:24,0
DA:25,0
DA:26,0
DA:27,0
DA:29,0
DA:30,0
DA:31,0
DA:33,0
DA:36,0
LF:14
LH:0
BRDA:21,0,0,0
BRDA:21,0,1,0
BRDA:26,1,0,0
BRDA:26,1,1,0
BRDA:29,2,0,0
BRDA:29,2,1,0
BRDA:30,3,0,0
BRDA:30,3,1,0
BRF:8
BRH:0
end_of_record
TN:
SF:E:\Ces-Archive\npc\src\components\ScrollPane\index.vue
FN:14,data
FN:20,handleScroll
FN:41,moveToTarget
FNF:3
FNH:0
FNDA:0,data
FNDA:0,handleScroll
FNDA:0,moveToTarget
DA:10,0
DA:15,0
DA:21,0
DA:22,0
DA:23,0
DA:24,0
DA:25,0
DA:27,0
DA:28,0
DA:30,0
DA:31,0
DA:32,0
DA:34,0
DA:37,0
DA:42,0
DA:43,0
DA:44,0
DA:45,0
DA:47,0
DA:49,0
DA:50,0
DA:55,0
LF:22
LH:0
BRDA:21,0,0,0
BRDA:21,0,1,0
BRDA:27,1,0,0
BRDA:27,1,1,0
BRDA:30,2,0,0
BRDA:30,2,1,0
BRDA:31,3,0,0
BRDA:31,3,1,0
BRDA:47,4,0,0
BRDA:47,4,1,0
BRDA:50,5,0,0
BRDA:50,5,1,0
BRDA:50,6,0,0
BRDA:50,6,1,0
BRF:14
BRH:0
end_of_record
TN:
SF:E:\Ces-Archive\npc\src\components\SvgIcon\index.vue
FN:20,iconName
FN:23,svgClass
FNF:2
FNH:0
FNDA:0,iconName
FNDA:0,svgClass
DA:21,0
DA:24,0
DA:25,0
DA:27,0
LF:4
LH:0
BRDA:24,0,0,0
BRDA:24,0,1,0
BRF:2
BRH:0
end_of_record
TN:
SF:E:\Ces-Archive\npc\src\filters\index.js
FN:3,formatBool
FN:13,formatCoding
FN:24,formatFonds
FN:33,formatDataType
FN:54,formatArchiveType
FN:64,formatType
FN:78,formatBorrowType
FNF:7
FNH:0
FNDA:0,formatBool
FNDA:0,formatCoding
FNDA:0,formatFonds
FNDA:0,formatDataType
FNDA:0,formatArchiveType
FNDA:0,formatType
FNDA:0,formatBorrowType
DA:1,0
DA:4,0
DA:5,0
DA:6,0
DA:7,0
DA:9,0
DA:13,0
DA:14,0
DA:15,0
DA:17,0
DA:18,0
DA:19,0
DA:24,0
DA:25,0
DA:26,0
DA:27,0
DA:28,0
DA:34,0
DA:47,0
DA:48,0
DA:50,0
DA:54,0
DA:55,0
DA:56,0
DA:57,0
DA:58,0
DA:61,0
DA:65,0
DA:66,0
DA:67,0
DA:68,0
DA:69,0
DA:70,0
DA:71,0
DA:72,0
DA:74,0
DA:78,0
DA:79,0
DA:80,0
DA:81,0
DA:83,0
DA:84,0
DA:85,0
DA:88,0
LF:44
LH:0
BRDA:4,0,0,0
BRDA:4,0,1,0
BRDA:6,1,0,0
BRDA:6,1,1,0
BRDA:14,2,0,0
BRDA:14,2,1,0
BRDA:14,3,0,0
BRDA:14,3,1,0
BRDA:14,3,2,0
BRDA:14,3,3,0
BRDA:18,4,0,0
BRDA:18,4,1,0
BRDA:13,5,0,0
BRDA:13,5,1,0
BRDA:27,6,0,0
BRDA:27,6,1,0
BRDA:24,7,0,0
BRDA:24,7,1,0
BRDA:47,8,0,0
BRDA:47,8,1,0
BRDA:47,9,0,0
BRDA:47,9,1,0
BRDA:57,10,0,0
BRDA:57,10,1,0
BRDA:54,11,0,0
BRDA:54,11,1,0
BRDA:65,12,0,0
BRDA:65,12,1,0
BRDA:67,13,0,0
BRDA:67,13,1,0
BRDA:69,14,0,0
BRDA:69,14,1,0
BRDA:69,15,0,0
BRDA:69,15,1,0
BRDA:71,16,0,0
BRDA:71,16,1,0
BRDA:80,17,0,0
BRDA:80,17,1,0
BRDA:80,18,0,0
BRDA:80,18,1,0
BRDA:84,19,0,0
BRDA:84,19,1,0
BRDA:78,20,0,0
BRDA:78,20,1,0
BRF:44
BRH:0
end_of_record
TN:
SF:E:\Ces-Archive\npc\src\mock\QueryRepeat.js
FN:2,getAllNames
FNF:1
FNH:0
FNDA:0,getAllNames
DA:3,0
LF:1
LH:0
BRF:0
BRH:0
end_of_record
TN:
SF:E:\Ces-Archive\npc\src\mock\archiveComponents.js
FN:1174,getList
FN:1177,(anonymous_2)
FN:1188,(anonymous_3)
FN:1199,getQueryPropertyByType
FN:1206,OAUpdate
FN:1213,getSeriesCode
FNF:6
FNH:0
FNDA:0,getList
FNDA:0,(anonymous_2)
FNDA:0,(anonymous_3)
FNDA:0,getQueryPropertyByType
FNDA:0,OAUpdate
FNDA:0,getSeriesCode
DA:1,0
DA:2,0
DA:4,0
DA:5,0
DA:7,0
DA:8,0
DA:30,0
DA:1174,0
DA:1175,0
DA:1177,0
DA:1178,0
DA:1179,0
DA:1180,0
DA:1181,0
DA:1184,0
DA:1185,0
DA:1188,0
DA:1190,0
DA:1200,0
DA:1207,0
DA:1214,0
LF:21
LH:0
BRDA:1175,0,0,0
BRDA:1175,0,1,0
BRDA:1175,1,0,0
BRDA:1175,1,1,0
BRDA:1178,2,0,0
BRDA:1178,2,1,0
BRDA:1178,3,0,0
BRDA:1178,3,1,0
BRDA:1179,4,0,0
BRDA:1179,4,1,0
BRDA:1179,5,0,0
BRDA:1179,5,1,0
BRDA:1180,6,0,0
BRDA:1180,6,1,0
BRDA:1180,7,0,0
BRDA:1180,7,1,0
BRDA:1184,8,0,0
BRDA:1184,8,1,0
BRDA:1188,9,0,0
BRDA:1188,9,1,0
BRF:20
BRH:0
end_of_record
TN:
SF:E:\Ces-Archive\npc\src\mock\archiveDescription.js
FN:2,getSelect
FN:8,postForm
FN:14,getEssentialSelect
FN:20,getUnDefine
FN:26,getDefine
FN:32,saveDefien
FN:37,downLoadExcel
FN:42,setRecover
FNF:8
FNH:0
FNDA:0,getSelect
FNDA:0,postForm
FNDA:0,getEssentialSelect
FNDA:0,getUnDefine
FNDA:0,getDefine
FNDA:0,saveDefien
FNDA:0,downLoadExcel
FNDA:0,setRecover
DA:3,0
DA:9,0
DA:15,0
DA:21,0
DA:27,0
DA:33,0
DA:38,0
DA:43,0
LF:8
LH:0
BRF:0
BRH:0
end_of_record
TN:
SF:E:\Ces-Archive\npc\src\mock\archiveNoListDefine.js
FN:22,getAllList
FN:25,(anonymous_2)
FNF:2
FNH:0
FNDA:0,getAllList
FNDA:0,(anonymous_2)
DA:1,0
DA:2,0
DA:4,0
DA:5,0
DA:8,0
DA:22,0
DA:23,0
DA:24,0
DA:25,0
DA:27,0
LF:10
LH:0
BRDA:23,0,0,0
BRDA:23,0,1,0
BRDA:23,1,0,0
BRDA:23,1,1,0
BRDA:25,2,0,0
BRDA:25,2,1,0
BRF:6
BRH:0
end_of_record
TN:
SF:E:\Ces-Archive\npc\src\mock\auditLog.js
FN:734,queryLog
FN:741,downLoad
FN:747,queryLogs
FN:754,queryInfo
FNF:4
FNH:0
FNDA:0,queryLog
FNDA:0,downLoad
FNDA:0,queryLogs
FNDA:0,queryInfo
DA:1,0
DA:170,0
DA:735,0
DA:742,0
DA:748,0
DA:755,0
LF:6
LH:0
BRF:0
BRH:0
end_of_record
TN:
SF:E:\Ces-Archive\npc\src\mock\batchConnection.js
FN:30,getAttach
FN:33,(anonymous_2)
FN:44,getUnAttach
FN:47,(anonymous_4)
FN:58,_delete
FN:64,attach
FNF:6
FNH:0
FNDA:0,getAttach
FNDA:0,(anonymous_2)
FNDA:0,getUnAttach
FNDA:0,(anonymous_4)
FNDA:0,_delete
FNDA:0,attach
DA:1,0
DA:2,0
DA:4,0
DA:5,0
DA:6,0
DA:8,0
DA:9,0
DA:20,0
DA:30,0
DA:31,0
DA:32,0
DA:33,0
DA:35,0
DA:44,0
DA:45,0
DA:46,0
DA:47,0
DA:49,0
DA:59,0
DA:65,0
LF:20
LH:0
BRDA:31,0,0,0
BRDA:31,0,1,0
BRDA:31,1,0,0
BRDA:31,1,1,0
BRDA:33,2,0,0
BRDA:33,2,1,0
BRDA:45,3,0,0
BRDA:45,3,1,0
BRDA:45,4,0,0
BRDA:45,4,1,0
BRDA:47,5,0,0
BRDA:47,5,1,0
BRF:12
BRH:0
end_of_record
TN:
SF:E:\Ces-Archive\npc\src\mock\borrow.js
FN:55,getList
FN:58,(anonymous_2)
FN:69,(anonymous_3)
FN:80,saveBorrowInfo
FN:86,BackBorrowInfo
FN:92,getDetailList
FN:95,(anonymous_7)
FN:106,(anonymous_8)
FN:117,getEntryList
FN:120,(anonymous_10)
FN:131,(anonymous_11)
FN:142,getEntryIdList
FN:145,(anonymous_13)
FN:156,(anonymous_14)
FN:167,getRegisterList
FN:170,(anonymous_16)
FN:181,(anonymous_17)
FN:192,deleteList
FNF:18
FNH:0
FNDA:0,getList
FNDA:0,(anonymous_2)
FNDA:0,(anonymous_3)
FNDA:0,saveBorrowInfo
FNDA:0,BackBorrowInfo
FNDA:0,getDetailList
FNDA:0,(anonymous_7)
FNDA:0,(anonymous_8)
FNDA:0,getEntryList
FNDA:0,(anonymous_10)
FNDA:0,(anonymous_11)
FNDA:0,getEntryIdList
FNDA:0,(anonymous_13)
FNDA:0,(anonymous_14)
FNDA:0,getRegisterList
FNDA:0,(anonymous_16)
FNDA:0,(anonymous_17)
FNDA:0,deleteList
DA:1,0
DA:2,0
DA:4,0
DA:5,0
DA:6,0
DA:7,0
DA:10,0
DA:22,0
DA:36,0
DA:55,0
DA:56,0
DA:58,0
DA:59,0
DA:60,0
DA:61,0
DA:62,0
DA:65,0
DA:66,0
DA:69,0
DA:71,0
DA:81,0
DA:87,0
DA:92,0
DA:93,0
DA:95,0
DA:96,0
DA:97,0
DA:98,0
DA:99,0
DA:102,0
DA:103,0
DA:106,0
DA:108,0
DA:117,0
DA:118,0
DA:120,0
DA:121,0
DA:122,0
DA:123,0
DA:124,0
DA:127,0
DA:128,0
DA:131,0
DA:133,0
DA:142,0
DA:143,0
DA:145,0
DA:146,0
DA:147,0
DA:148,0
DA:149,0
DA:152,0
DA:153,0
DA:156,0
DA:158,0
DA:167,0
DA:168,0
DA:170,0
DA:171,0
DA:172,0
DA:173,0
DA:174,0
DA:177,0
DA:178,0
DA:181,0
DA:183,0
DA:193,0
LF:67
LH:0
BRDA:56,0,0,0
BRDA:56,0,1,0
BRDA:56,1,0,0
BRDA:56,1,1,0
BRDA:59,2,0,0
BRDA:59,2,1,0
BRDA:59,3,0,0
BRDA:59,3,1,0
BRDA:60,4,0,0
BRDA:60,4,1,0
BRDA:60,5,0,0
BRDA:60,5,1,0
BRDA:61,6,0,0
BRDA:61,6,1,0
BRDA:61,7,0,0
BRDA:61,7,1,0
BRDA:65,8,0,0
BRDA:65,8,1,0
BRDA:69,9,0,0
BRDA:69,9,1,0
BRDA:93,10,0,0
BRDA:93,10,1,0
BRDA:93,11,0,0
BRDA:93,11,1,0
BRDA:96,12,0,0
BRDA:96,12,1,0
BRDA:96,13,0,0
BRDA:96,13,1,0
BRDA:97,14,0,0
BRDA:97,14,1,0
BRDA:97,15,0,0
BRDA:97,15,1,0
BRDA:98,16,0,0
BRDA:98,16,1,0
BRDA:98,17,0,0
BRDA:98,17,1,0
BRDA:102,18,0,0
BRDA:102,18,1,0
BRDA:106,19,0,0
BRDA:106,19,1,0
BRDA:118,20,0,0
BRDA:118,20,1,0
BRDA:118,21,0,0
BRDA:118,21,1,0
BRDA:121,22,0,0
BRDA:121,22,1,0
BRDA:121,23,0,0
BRDA:121,23,1,0
BRDA:122,24,0,0
BRDA:122,24,1,0
BRDA:122,25,0,0
BRDA:122,25,1,0
BRDA:123,26,0,0
BRDA:123,26,1,0
BRDA:123,27,0,0
BRDA:123,27,1,0
BRDA:127,28,0,0
BRDA:127,28,1,0
BRDA:131,29,0,0
BRDA:131,29,1,0
BRDA:143,30,0,0
BRDA:143,30,1,0
BRDA:143,31,0,0
BRDA:143,31,1,0
BRDA:146,32,0,0
BRDA:146,32,1,0
BRDA:146,33,0,0
BRDA:146,33,1,0
BRDA:147,34,0,0
BRDA:147,34,1,0
BRDA:147,35,0,0
BRDA:147,35,1,0
BRDA:148,36,0,0
BRDA:148,36,1,0
BRDA:148,37,0,0
BRDA:148,37,1,0
BRDA:152,38,0,0
BRDA:152,38,1,0
BRDA:156,39,0,0
BRDA:156,39,1,0
BRDA:168,40,0,0
BRDA:168,40,1,0
BRDA:168,41,0,0
BRDA:168,41,1,0
BRDA:171,42,0,0
BRDA:171,42,1,0
BRDA:171,43,0,0
BRDA:171,43,1,0
BRDA:172,44,0,0
BRDA:172,44,1,0
BRDA:172,45,0,0
BRDA:172,45,1,0
BRDA:173,46,0,0
BRDA:173,46,1,0
BRDA:173,47,0,0
BRDA:173,47,1,0
BRDA:177,48,0,0
BRDA:177,48,1,0
BRDA:181,49,0,0
BRDA:181,49,1,0
BRF:100
BRH:0
end_of_record
TN:
SF:E:\Ces-Archive\npc\src\mock\borrowBus.js
FN:23,getList
FN:26,(anonymous_2)
FN:37,(anonymous_3)
FN:45,save
FN:51,_delete
FNF:5
FNH:0
FNDA:0,getList
FNDA:0,(anonymous_2)
FNDA:0,(anonymous_3)
FNDA:0,save
FNDA:0,_delete
DA:1,0
DA:2,0
DA:4,0
DA:5,0
DA:8,0
DA:23,0
DA:24,0
DA:26,0
DA:27,0
DA:28,0
DA:29,0
DA:30,0
DA:33,0
DA:34,0
DA:37,0
DA:39,0
DA:46,0
DA:52,0
LF:18
LH:0
BRDA:24,0,0,0
BRDA:24,0,1,0
BRDA:24,1,0,0
BRDA:24,1,1,0
BRDA:27,2,0,0
BRDA:27,2,1,0
BRDA:27,3,0,0
BRDA:27,3,1,0
BRDA:28,4,0,0
BRDA:28,4,1,0
BRDA:28,5,0,0
BRDA:28,5,1,0
BRDA:29,6,0,0
BRDA:29,6,1,0
BRDA:29,7,0,0
BRDA:29,7,1,0
BRDA:33,8,0,0
BRDA:33,8,1,0
BRDA:37,9,0,0
BRDA:37,9,1,0
BRF:20
BRH:0
end_of_record
TN:
SF:E:\Ces-Archive\npc\src\mock\classifySearch.js
FN:40,getList
FN:43,(anonymous_2)
FN:54,getUnAttach
FN:57,(anonymous_4)
FN:68,_delete
FN:74,attach
FNF:6
FNH:0
FNDA:0,getList
FNDA:0,(anonymous_2)
FNDA:0,getUnAttach
FNDA:0,(anonymous_4)
FNDA:0,_delete
FNDA:0,attach
DA:1,0
DA:2,0
DA:4,0
DA:5,0
DA:6,0
DA:8,0
DA:9,0
DA:20,0
DA:40,0
DA:41,0
DA:42,0
DA:43,0
DA:45,0
DA:54,0
DA:55,0
DA:56,0
DA:57,0
DA:59,0
DA:69,0
DA:75,0
LF:20
LH:0
BRDA:41,0,0,0
BRDA:41,0,1,0
BRDA:41,1,0,0
BRDA:41,1,1,0
BRDA:43,2,0,0
BRDA:43,2,1,0
BRDA:55,3,0,0
BRDA:55,3,1,0
BRDA:55,4,0,0
BRDA:55,4,1,0
BRDA:57,5,0,0
BRDA:57,5,1,0
BRF:12
BRH:0
end_of_record
TN:
SF:E:\Ces-Archive\npc\src\mock\codingDefine.js
FN:4,getCoding
FN:78,getTree
FN:210,getAllCoding
FNF:3
FNH:0
FNDA:0,getCoding
FNDA:0,getTree
FNDA:0,getAllCoding
DA:1,0
DA:5,0
DA:78,0
DA:79,0
DA:80,0
DA:81,0
DA:82,0
DA:112,0
DA:113,0
DA:202,0
DA:204,0
DA:211,0
LF:12
LH:0
BRDA:81,0,0,0
BRDA:81,0,1,0
BRDA:112,1,0,0
BRDA:112,1,1,0
BRDA:112,2,0,0
BRDA:112,2,1,0
BRF:6
BRH:0
end_of_record
TN:
SF:E:\Ces-Archive\npc\src\mock\customStatistic.js
FN:2,queryList
FN:133,queryArchiveType
FN:295,queryField
FN:408,delList
FN:414,queryloakList
FN:551,queryNoloakList
FN:3956,getFondsDepts
FN:4009,saveLockList
FNF:8
FNH:0
FNDA:0,queryList
FNDA:0,queryArchiveType
FNDA:0,queryField
FNDA:0,delList
FNDA:0,queryloakList
FNDA:0,queryNoloakList
FNDA:0,getFondsDepts
FNDA:0,saveLockList
DA:3,0
DA:134,0
DA:296,0
DA:409,0
DA:415,0
DA:552,0
DA:3957,0
DA:4010,0
LF:8
LH:0
BRF:0
BRH:0
end_of_record
TN:
SF:E:\Ces-Archive\npc\src\mock\document.js
FN:28,getList
FN:33,(anonymous_2)
FN:45,(anonymous_3)
FN:57,create
FN:60,update
FN:63,_delete
FNF:6
FNH:0
FNDA:0,getList
FNDA:0,(anonymous_2)
FNDA:0,(anonymous_3)
FNDA:0,create
FNDA:0,update
FNDA:0,_delete
DA:1,0
DA:2,0
DA:4,0
DA:5,0
DA:8,0
DA:28,0
DA:29,0
DA:33,0
DA:34,0
DA:35,0
DA:36,0
DA:37,0
DA:40,0
DA:41,0
DA:44,0
DA:45,0
DA:48,0
DA:57,0
DA:60,0
DA:63,0
LF:20
LH:0
BRDA:29,0,0,0
BRDA:29,0,1,0
BRDA:29,1,0,0
BRDA:29,1,1,0
BRDA:34,2,0,0
BRDA:34,2,1,0
BRDA:34,3,0,0
BRDA:34,3,1,0
BRDA:35,4,0,0
BRDA:35,4,1,0
BRDA:35,5,0,0
BRDA:35,5,1,0
BRDA:36,6,0,0
BRDA:36,6,1,0
BRDA:36,7,0,0
BRDA:36,7,1,0
BRDA:40,8,0,0
BRDA:40,8,1,0
BRDA:45,9,0,0
BRDA:45,9,1,0
BRF:20
BRH:0
end_of_record
TN:
SF:E:\Ces-Archive\npc\src\mock\file.js
FN:43,getList
FN:46,(anonymous_2)
FN:57,(anonymous_3)
FN:68,create
FN:77,update
FN:83,_delete
FN:89,deptCheck
FN:96,filing
FN:103,receive
FN:110,reject
FN:117,getBinList
FN:120,(anonymous_12)
FN:131,(anonymous_13)
FN:142,isDelParent
FN:153,recover
FN:160,deleteForRever
FN:167,deleteAllForRever
FN:174,validateYj
FN:184,handOver
FN:191,remove
FN:198,fetchGridData
FN:205,fetchGridDataV
FNF:22
FNH:0
FNDA:0,getList
FNDA:0,(anonymous_2)
FNDA:0,(anonymous_3)
FNDA:0,create
FNDA:0,update
FNDA:0,_delete
FNDA:0,deptCheck
FNDA:0,filing
FNDA:0,receive
FNDA:0,reject
FNDA:0,getBinList
FNDA:0,(anonymous_12)
FNDA:0,(anonymous_13)
FNDA:0,isDelParent
FNDA:0,recover
FNDA:0,deleteForRever
FNDA:0,deleteAllForRever
FNDA:0,validateYj
FNDA:0,handOver
FNDA:0,remove
FNDA:0,fetchGridData
FNDA:0,fetchGridDataV
DA:1,0
DA:2,0
DA:4,0
DA:5,0
DA:6,0
DA:9,0
DA:32,0
DA:43,0
DA:44,0
DA:46,0
DA:47,0
DA:48,0
DA:49,0
DA:50,0
DA:53,0
DA:54,0
DA:57,0
DA:59,0
DA:69,0
DA:72,0
DA:78,0
DA:84,0
DA:90,0
DA:97,0
DA:104,0
DA:111,0
DA:117,0
DA:118,0
DA:120,0
DA:121,0
DA:122,0
DA:123,0
DA:124,0
DA:127,0
DA:128,0
DA:131,0
DA:133,0
DA:143,0
DA:147,0
DA:154,0
DA:161,0
DA:168,0
DA:175,0
DA:178,0
DA:185,0
DA:192,0
DA:199,0
DA:206,0
LF:48
LH:0
BRDA:44,0,0,0
BRDA:44,0,1,0
BRDA:44,1,0,0
BRDA:44,1,1,0
BRDA:47,2,0,0
BRDA:47,2,1,0
BRDA:47,3,0,0
BRDA:47,3,1,0
BRDA:48,4,0,0
BRDA:48,4,1,0
BRDA:48,5,0,0
BRDA:48,5,1,0
BRDA:49,6,0,0
BRDA:49,6,1,0
BRDA:49,7,0,0
BRDA:49,7,1,0
BRDA:53,8,0,0
BRDA:53,8,1,0
BRDA:57,9,0,0
BRDA:57,9,1,0
BRDA:118,10,0,0
BRDA:118,10,1,0
BRDA:118,11,0,0
BRDA:118,11,1,0
BRDA:121,12,0,0
BRDA:121,12,1,0
BRDA:121,13,0,0
BRDA:121,13,1,0
BRDA:122,14,0,0
BRDA:122,14,1,0
BRDA:122,15,0,0
BRDA:122,15,1,0
BRDA:123,16,0,0
BRDA:123,16,1,0
BRDA:123,17,0,0
BRDA:123,17,1,0
BRDA:127,18,0,0
BRDA:127,18,1,0
BRDA:131,19,0,0
BRDA:131,19,1,0
BRF:40
BRH:0
end_of_record
TN:
SF:E:\Ces-Archive\npc\src\mock\fillBox.js
FN:40,getBoxList
FN:43,(anonymous_2)
FN:54,(anonymous_3)
FN:65,checkBoxNo
FN:78,create
FN:87,update
FN:93,_delete
FN:99,checkStored
FNF:8
FNH:0
FNDA:0,getBoxList
FNDA:0,(anonymous_2)
FNDA:0,(anonymous_3)
FNDA:0,checkBoxNo
FNDA:0,create
FNDA:0,update
FNDA:0,_delete
FNDA:0,checkStored
DA:1,0
DA:2,0
DA:4,0
DA:5,0
DA:8,0
DA:40,0
DA:41,0
DA:43,0
DA:44,0
DA:45,0
DA:46,0
DA:47,0
DA:50,0
DA:51,0
DA:54,0
DA:56,0
DA:66,0
DA:79,0
DA:82,0
DA:88,0
DA:94,0
DA:100,0
LF:22
LH:0
BRDA:41,0,0,0
BRDA:41,0,1,0
BRDA:41,1,0,0
BRDA:41,1,1,0
BRDA:44,2,0,0
BRDA:44,2,1,0
BRDA:44,3,0,0
BRDA:44,3,1,0
BRDA:45,4,0,0
BRDA:45,4,1,0
BRDA:45,5,0,0
BRDA:45,5,1,0
BRDA:46,6,0,0
BRDA:46,6,1,0
BRDA:46,7,0,0
BRDA:46,7,1,0
BRDA:50,8,0,0
BRDA:50,8,1,0
BRDA:54,9,0,0
BRDA:54,9,1,0
BRF:20
BRH:0
end_of_record
TN:
SF:E:\Ces-Archive\npc\src\mock\folder.js
FN:31,getList
FN:34,(anonymous_2)
FN:45,(anonymous_3)
FN:56,create
FN:65,update
FN:71,_delete
FN:77,deptCheck
FN:84,filing
FN:91,receive
FN:98,reject
FN:105,takeApartVerify
FNF:11
FNH:0
FNDA:0,getList
FNDA:0,(anonymous_2)
FNDA:0,(anonymous_3)
FNDA:0,create
FNDA:0,update
FNDA:0,_delete
FNDA:0,deptCheck
FNDA:0,filing
FNDA:0,receive
FNDA:0,reject
FNDA:0,takeApartVerify
DA:1,0
DA:2,0
DA:4,0
DA:5,0
DA:8,0
DA:31,0
DA:32,0
DA:34,0
DA:35,0
DA:36,0
DA:37,0
DA:38,0
DA:41,0
DA:42,0
DA:45,0
DA:47,0
DA:57,0
DA:60,0
DA:66,0
DA:72,0
DA:78,0
DA:85,0
DA:92,0
DA:99,0
DA:106,0
LF:25
LH:0
BRDA:32,0,0,0
BRDA:32,0,1,0
BRDA:32,1,0,0
BRDA:32,1,1,0
BRDA:35,2,0,0
BRDA:35,2,1,0
BRDA:35,3,0,0
BRDA:35,3,1,0
BRDA:36,4,0,0
BRDA:36,4,1,0
BRDA:36,5,0,0
BRDA:36,5,1,0
BRDA:37,6,0,0
BRDA:37,6,1,0
BRDA:37,7,0,0
BRDA:37,7,1,0
BRDA:41,8,0,0
BRDA:41,8,1,0
BRDA:45,9,0,0
BRDA:45,9,1,0
BRF:20
BRH:0
end_of_record
TN:
SF:E:\Ces-Archive\npc\src\mock\fondsDept.js
FN:4,getList
FN:18,create
FN:28,update
FN:34,_delete
FN:40,getFondsCodeByOrgId
FNF:5
FNH:0
FNDA:0,getList
FNDA:0,create
FNDA:0,update
FNDA:0,_delete
FNDA:0,getFondsCodeByOrgId
DA:1,0
DA:5,0
DA:19,0
DA:22,0
DA:29,0
DA:35,0
DA:41,0
LF:7
LH:0
BRF:0
BRH:0
end_of_record
TN:
SF:E:\Ces-Archive\npc\src\mock\handOver.js
FN:18,getHandOverList
FN:21,(anonymous_2)
FN:32,(anonymous_3)
FN:43,create
FN:52,update
FN:58,_delete
FN:64,deptCheck
FN:71,filing
FN:78,receive
FN:85,reject
FNF:10
FNH:0
FNDA:0,getHandOverList
FNDA:0,(anonymous_2)
FNDA:0,(anonymous_3)
FNDA:0,create
FNDA:0,update
FNDA:0,_delete
FNDA:0,deptCheck
FNDA:0,filing
FNDA:0,receive
FNDA:0,reject
DA:1,0
DA:2,0
DA:4,0
DA:5,0
DA:8,0
DA:18,0
DA:19,0
DA:21,0
DA:22,0
DA:23,0
DA:24,0
DA:25,0
DA:28,0
DA:29,0
DA:32,0
DA:34,0
DA:44,0
DA:47,0
DA:53,0
DA:59,0
DA:65,0
DA:72,0
DA:79,0
DA:86,0
LF:24
LH:0
BRDA:19,0,0,0
BRDA:19,0,1,0
BRDA:19,1,0,0
BRDA:19,1,1,0
BRDA:22,2,0,0
BRDA:22,2,1,0
BRDA:22,3,0,0
BRDA:22,3,1,0
BRDA:23,4,0,0
BRDA:23,4,1,0
BRDA:23,5,0,0
BRDA:23,5,1,0
BRDA:24,6,0,0
BRDA:24,6,1,0
BRDA:24,7,0,0
BRDA:24,7,1,0
BRDA:28,8,0,0
BRDA:28,8,1,0
BRDA:32,9,0,0
BRDA:32,9,1,0
BRF:20
BRH:0
end_of_record
TN:
SF:E:\Ces-Archive\npc\src\mock\index.js
FNF:0
FNH:0
DA:1,0
DA:2,0
DA:3,0
DA:4,0
DA:5,0
DA:6,0
DA:7,0
DA:8,0
DA:9,0
DA:10,0
DA:11,0
DA:12,0
DA:13,0
DA:14,0
DA:15,0
DA:16,0
DA:17,0
DA:18,0
DA:19,0
DA:20,0
DA:21,0
DA:22,0
DA:23,0
DA:24,0
DA:25,0
DA:26,0
DA:27,0
DA:28,0
DA:29,0
DA:30,0
DA:31,0
DA:32,0
DA:33,0
DA:34,0
DA:35,0
DA:36,0
DA:37,0
DA:38,0
DA:39,0
DA:40,0
DA:41,0
DA:43,0
DA:48,0
DA:49,0
DA:50,0
DA:53,0
DA:56,0
DA:59,0
DA:60,0
DA:61,0
DA:62,0
DA:63,0
DA:66,0
DA:67,0
DA:68,0
DA:69,0
DA:70,0
DA:71,0
DA:72,0
DA:73,0
DA:74,0
DA:75,0
DA:78,0
DA:79,0
DA:80,0
DA:81,0
DA:82,0
DA:83,0
DA:84,0
DA:87,0
DA:88,0
DA:91,0
DA:92,0
DA:93,0
DA:94,0
DA:95,0
DA:98,0
DA:99,0
DA:100,0
DA:101,0
DA:102,0
DA:103,0
DA:106,0
DA:107,0
DA:108,0
DA:109,0
DA:110,0
DA:111,0
DA:113,0
DA:114,0
DA:115,0
DA:116,0
DA:117,0
DA:119,0
DA:120,0
DA:121,0
DA:122,0
DA:123,0
DA:124,0
DA:127,0
DA:128,0
DA:129,0
DA:130,0
DA:133,0
DA:134,0
DA:135,0
DA:136,0
DA:137,0
DA:140,0
DA:141,0
DA:142,0
DA:143,0
DA:146,0
DA:147,0
DA:148,0
DA:149,0
DA:152,0
DA:153,0
DA:154,0
DA:155,0
DA:158,0
DA:159,0
DA:160,0
DA:161,0
DA:162,0
DA:163,0
DA:164,0
DA:165,0
DA:168,0
DA:169,0
DA:170,0
DA:171,0
DA:174,0
DA:175,0
DA:176,0
DA:177,0
DA:178,0
DA:179,0
DA:180,0
DA:181,0
DA:182,0
DA:185,0
DA:186,0
DA:187,0
DA:190,0
DA:191,0
DA:192,0
DA:194,0
DA:196,0
DA:198,0
DA:199,0
DA:200,0
DA:201,0
DA:202,0
DA:203,0
DA:204,0
DA:205,0
DA:207,0
DA:208,0
DA:209,0
DA:210,0
DA:213,0
DA:214,0
DA:215,0
DA:216,0
DA:217,0
DA:218,0
DA:219,0
DA:220,0
DA:221,0
DA:222,0
DA:223,0
DA:224,0
DA:225,0
DA:226,0
DA:229,0
DA:230,0
DA:232,0
DA:233,0
DA:236,0
DA:237,0
DA:238,0
DA:239,0
DA:240,0
DA:241,0
DA:242,0
DA:243,0
DA:244,0
DA:245,0
DA:246,0
DA:247,0
DA:248,0
DA:249,0
DA:250,0
DA:251,0
DA:252,0
DA:255,0
DA:256,0
DA:257,0
DA:258,0
DA:259,0
DA:260,0
DA:261,0
DA:262,0
DA:263,0
DA:264,0
DA:267,0
DA:268,0
DA:269,0
DA:270,0
DA:273,0
DA:274,0
DA:275,0
DA:276,0
DA:277,0
DA:278,0
DA:281,0
DA:282,0
DA:283,0
DA:284,0
DA:287,0
DA:288,0
DA:289,0
DA:290,0
DA:291,0
DA:292,0
DA:293,0
DA:294,0
DA:297,0
DA:299,0
DA:300,0
DA:302,0
DA:305,0
DA:308,0
DA:309,0
DA:310,0
DA:311,0
DA:314,0
DA:315,0
DA:316,0
DA:317,0
DA:318,0
DA:319,0
DA:320,0
DA:323,0
DA:324,0
DA:325,0
DA:328,0
DA:329,0
DA:330,0
DA:333,0
DA:336,0
DA:337,0
DA:338,0
DA:339,0
DA:342,0
DA:343,0
DA:344,0
DA:345,0
DA:347,0
DA:348,0
DA:349,0
DA:350,0
DA:353,0
LF:264
LH:0
BRF:0
BRH:0
end_of_record
TN:
SF:E:\Ces-Archive\npc\src\mock\integrativeQuery.js
FN:22,getList
FN:25,(anonymous_2)
FN:35,(anonymous_3)
FN:46,getGroup
FN:161,create
FN:170,update
FN:176,_delete
FNF:7
FNH:0
FNDA:0,getList
FNDA:0,(anonymous_2)
FNDA:0,(anonymous_3)
FNDA:0,getGroup
FNDA:0,create
FNDA:0,update
FNDA:0,_delete
DA:1,0
DA:2,0
DA:4,0
DA:5,0
DA:8,0
DA:22,0
DA:23,0
DA:25,0
DA:26,0
DA:27,0
DA:28,0
DA:31,0
DA:32,0
DA:35,0
DA:37,0
DA:47,0
DA:162,0
DA:165,0
DA:171,0
DA:177,0
LF:20
LH:0
BRDA:23,0,0,0
BRDA:23,0,1,0
BRDA:23,1,0,0
BRDA:23,1,1,0
BRDA:26,2,0,0
BRDA:26,2,1,0
BRDA:26,3,0,0
BRDA:26,3,1,0
BRDA:27,4,0,0
BRDA:27,4,1,0
BRDA:27,5,0,0
BRDA:27,5,1,0
BRDA:31,6,0,0
BRDA:31,6,1,0
BRDA:35,7,0,0
BRDA:35,7,1,0
BRF:16
BRH:0
end_of_record
TN:
SF:E:\Ces-Archive\npc\src\mock\jointDoc.js
FN:31,getList
FN:34,(anonymous_2)
FN:45,(anonymous_3)
FN:56,create
FN:65,update
FN:71,_delete
FN:77,startProcessInstance
FNF:7
FNH:0
FNDA:0,getList
FNDA:0,(anonymous_2)
FNDA:0,(anonymous_3)
FNDA:0,create
FNDA:0,update
FNDA:0,_delete
FNDA:0,startProcessInstance
DA:1,0
DA:2,0
DA:4,0
DA:5,0
DA:8,0
DA:31,0
DA:32,0
DA:34,0
DA:35,0
DA:36,0
DA:37,0
DA:38,0
DA:41,0
DA:42,0
DA:45,0
DA:47,0
DA:57,0
DA:60,0
DA:66,0
DA:72,0
DA:78,0
LF:21
LH:0
BRDA:32,0,0,0
BRDA:32,0,1,0
BRDA:32,1,0,0
BRDA:32,1,1,0
BRDA:35,2,0,0
BRDA:35,2,1,0
BRDA:35,3,0,0
BRDA:35,3,1,0
BRDA:36,4,0,0
BRDA:36,4,1,0
BRDA:36,5,0,0
BRDA:36,5,1,0
BRDA:37,6,0,0
BRDA:37,6,1,0
BRDA:37,7,0,0
BRDA:37,7,1,0
BRDA:41,8,0,0
BRDA:41,8,1,0
BRDA:45,9,0,0
BRDA:45,9,1,0
BRF:20
BRH:0
end_of_record
TN:
SF:E:\Ces-Archive\npc\src\mock\judge.js
FN:46,getList
FN:49,(anonymous_2)
FN:60,(anonymous_3)
FN:71,getItemList
FN:74,(anonymous_5)
FN:85,(anonymous_6)
FN:96,create
FN:105,update
FN:111,_delete
FN:117,checkConfim
FN:127,judgeConfim
FNF:11
FNH:0
FNDA:0,getList
FNDA:0,(anonymous_2)
FNDA:0,(anonymous_3)
FNDA:0,getItemList
FNDA:0,(anonymous_5)
FNDA:0,(anonymous_6)
FNDA:0,create
FNDA:0,update
FNDA:0,_delete
FNDA:0,checkConfim
FNDA:0,judgeConfim
DA:1,0
DA:2,0
DA:4,0
DA:5,0
DA:6,0
DA:8,0
DA:9,0
DA:32,0
DA:46,0
DA:47,0
DA:49,0
DA:50,0
DA:51,0
DA:52,0
DA:53,0
DA:56,0
DA:57,0
DA:60,0
DA:62,0
DA:71,0
DA:72,0
DA:74,0
DA:75,0
DA:76,0
DA:77,0
DA:78,0
DA:81,0
DA:82,0
DA:85,0
DA:87,0
DA:97,0
DA:100,0
DA:106,0
DA:112,0
DA:118,0
DA:121,0
DA:128,0
LF:37
LH:0
BRDA:47,0,0,0
BRDA:47,0,1,0
BRDA:47,1,0,0
BRDA:47,1,1,0
BRDA:50,2,0,0
BRDA:50,2,1,0
BRDA:50,3,0,0
BRDA:50,3,1,0
BRDA:51,4,0,0
BRDA:51,4,1,0
BRDA:51,5,0,0
BRDA:51,5,1,0
BRDA:52,6,0,0
BRDA:52,6,1,0
BRDA:52,7,0,0
BRDA:52,7,1,0
BRDA:56,8,0,0
BRDA:56,8,1,0
BRDA:60,9,0,0
BRDA:60,9,1,0
BRDA:72,10,0,0
BRDA:72,10,1,0
BRDA:72,11,0,0
BRDA:72,11,1,0
BRDA:75,12,0,0
BRDA:75,12,1,0
BRDA:75,13,0,0
BRDA:75,13,1,0
BRDA:76,14,0,0
BRDA:76,14,1,0
BRDA:76,15,0,0
BRDA:76,15,1,0
BRDA:77,16,0,0
BRDA:77,16,1,0
BRDA:77,17,0,0
BRDA:77,17,1,0
BRDA:81,18,0,0
BRDA:81,18,1,0
BRDA:85,19,0,0
BRDA:85,19,1,0
BRF:40
BRH:0
end_of_record
TN:
SF:E:\Ces-Archive\npc\src\mock\login.js
FN:127,loginByUsername
FN:134,getUserInfo
FN:146,logout
FNF:3
FNH:0
FNDA:0,loginByUsername
FNDA:0,getUserInfo
FNDA:0,logout
DA:1,0
DA:3,0
DA:128,0
DA:134,0
DA:135,0
DA:136,0
DA:137,0
DA:143,0
DA:146,0
LF:9
LH:0
BRDA:136,0,0,0
BRDA:136,0,1,0
BRF:2
BRH:0
end_of_record
TN:
SF:E:\Ces-Archive\npc\src\mock\medium.js
FN:26,getList
FN:29,(anonymous_2)
FN:40,(anonymous_3)
FN:51,create
FN:60,_delete
FN:66,countFileSize
FNF:6
FNH:0
FNDA:0,getList
FNDA:0,(anonymous_2)
FNDA:0,(anonymous_3)
FNDA:0,create
FNDA:0,_delete
FNDA:0,countFileSize
DA:1,0
DA:2,0
DA:4,0
DA:5,0
DA:8,0
DA:26,0
DA:27,0
DA:29,0
DA:30,0
DA:31,0
DA:32,0
DA:33,0
DA:36,0
DA:37,0
DA:40,0
DA:42,0
DA:52,0
DA:55,0
DA:61,0
DA:67,0
LF:20
LH:0
BRDA:27,0,0,0
BRDA:27,0,1,0
BRDA:27,1,0,0
BRDA:27,1,1,0
BRDA:30,2,0,0
BRDA:30,2,1,0
BRDA:30,3,0,0
BRDA:30,3,1,0
BRDA:31,4,0,0
BRDA:31,4,1,0
BRDA:31,5,0,0
BRDA:31,5,1,0
BRDA:32,6,0,0
BRDA:32,6,1,0
BRDA:32,7,0,0
BRDA:32,7,1,0
BRDA:36,8,0,0
BRDA:36,8,1,0
BRDA:40,9,0,0
BRDA:40,9,1,0
BRF:20
BRH:0
end_of_record
TN:
SF:E:\Ces-Archive\npc\src\mock\metaData.js
FN:16,getList
FN:18,(anonymous_2)
FN:26,create
FN:35,update
FN:41,_delete
FNF:5
FNH:0
FNDA:0,getList
FNDA:0,(anonymous_2)
FNDA:0,create
FNDA:0,update
FNDA:0,_delete
DA:1,0
DA:2,0
DA:4,0
DA:5,0
DA:8,0
DA:16,0
DA:17,0
DA:18,0
DA:20,0
DA:27,0
DA:30,0
DA:36,0
DA:42,0
LF:13
LH:0
BRDA:17,0,0,0
BRDA:17,0,1,0
BRDA:17,1,0,0
BRDA:17,1,1,0
BRDA:18,2,0,0
BRDA:18,2,1,0
BRF:6
BRH:0
end_of_record
TN:
SF:E:\Ces-Archive\npc\src\mock\propertyAction.js
FN:10971,getPropertyAll
FNF:1
FNH:0
FNDA:0,getPropertyAll
DA:2,0
DA:10973,0
LF:2
LH:0
BRF:0
BRH:0
end_of_record
TN:
SF:E:\Ces-Archive\npc\src\mock\reportDefine.js
FN:27,getList
FN:34,getTree
FN:124,create
FN:133,update
FN:137,_delete
FN:141,reportUpload
FN:145,copySelectTo
FN:270,copyAdjust
FN:274,downloadReport
FN:277,copyCower
FN:282,copyOk
FN:286,unDefineHockList
FN:384,DefineHockList
FN:508,saveHockList
FN:512,getFileList
FN:516,getListAssignedReport
FN:541,getReportData
FN:544,(anonymous_18)
FNF:18
FNH:0
FNDA:0,getList
FNDA:0,getTree
FNDA:0,create
FNDA:0,update
FNDA:0,_delete
FNDA:0,reportUpload
FNDA:0,copySelectTo
FNDA:0,copyAdjust
FNDA:0,downloadReport
FNDA:0,copyCower
FNDA:0,copyOk
FNDA:0,unDefineHockList
FNDA:0,DefineHockList
FNDA:0,saveHockList
FNDA:0,getFileList
FNDA:0,getListAssignedReport
FNDA:0,getReportData
FNDA:0,(anonymous_18)
DA:1,0
DA:2,0
DA:4,0
DA:5,0
DA:6,0
DA:8,0
DA:9,0
DA:23,0
DA:28,0
DA:35,0
DA:125,0
DA:126,0
DA:133,0
DA:137,0
DA:141,0
DA:145,0
DA:270,0
DA:274,0
DA:277,0
DA:282,0
DA:287,0
DA:385,0
DA:508,0
DA:512,0
DA:516,0
DA:541,0
DA:542,0
DA:543,0
DA:544,0
DA:545,0
LF:30
LH:0
BRDA:542,0,0,0
BRDA:542,0,1,0
BRDA:542,1,0,0
BRDA:542,1,1,0
BRDA:544,2,0,0
BRDA:544,2,1,0
BRF:6
BRH:0
end_of_record
TN:
SF:E:\Ces-Archive\npc\src\mock\storageStatistic.js
FN:8,getStatistic
FNF:1
FNH:0
FNDA:0,getStatistic
DA:1,0
DA:9,0
LF:2
LH:0
BRF:0
BRH:0
end_of_record
TN:
SF:E:\Ces-Archive\npc\src\mock\systemAction.js
FN:2,getFondsCode
FN:25,gethUsersByAuth
FN:346,getDeptsByAuth
FN:383,getSectionByAuth
FN:386,getDeptList
FN:408,getCustomDefinedDetail
FN:543,getTreeWidthCheck
FN:969,listViews
FN:1008,getResourceTree
FN:1075,getTreeViewChecked
FN:1087,addArchiveTreeView
FN:1093,modifyArchiveTreeView
FN:1099,saveDataDoc
FNF:13
FNH:0
FNDA:0,getFondsCode
FNDA:0,gethUsersByAuth
FNDA:0,getDeptsByAuth
FNDA:0,getSectionByAuth
FNDA:0,getDeptList
FNDA:0,getCustomDefinedDetail
FNDA:0,getTreeWidthCheck
FNDA:0,listViews
FNDA:0,getResourceTree
FNDA:0,getTreeViewChecked
FNDA:0,addArchiveTreeView
FNDA:0,modifyArchiveTreeView
FNDA:0,saveDataDoc
DA:3,0
DA:26,0
DA:347,0
DA:384,0
DA:387,0
DA:409,0
DA:544,0
DA:970,0
DA:1009,0
DA:1076,0
DA:1088,0
DA:1094,0
DA:1100,0
LF:13
LH:0
BRF:0
BRH:0
end_of_record
TN:
SF:E:\Ces-Archive\npc\src\mock\appDefine\archiveNoDefine.js
FN:3,getAllArchiveNoList
FN:102,getAllArchiveNoArchiveDictList
FN:202,getAllArchiveDictList
FN:3915,getDefineNames
FN:3922,getAllFlowNoArchiveDictList
FN:3987,saveArchiveNoDefine
FN:3994,applyDefine
FN:4001,addOrModifyArchiveNo
FN:4008,deleteArchiveNo
FNF:9
FNH:0
FNDA:0,getAllArchiveNoList
FNDA:0,getAllArchiveNoArchiveDictList
FNDA:0,getAllArchiveDictList
FNDA:0,getDefineNames
FNDA:0,getAllFlowNoArchiveDictList
FNDA:0,saveArchiveNoDefine
FNDA:0,applyDefine
FNDA:0,addOrModifyArchiveNo
FNDA:0,deleteArchiveNo
DA:4,0
DA:103,0
DA:203,0
DA:3916,0
DA:3923,0
DA:3988,0
DA:3995,0
DA:4002,0
DA:4009,0
LF:9
LH:0
BRF:0
BRH:0
end_of_record
TN:
SF:E:\Ces-Archive\npc\src\mock\appDefine\formDefine.js
FN:1083,getAllNames
FN:1090,getDefineNames
FN:1097,getConfig
FN:1107,save
FN:1114,applyDefine
FNF:5
FNH:0
FNDA:0,getAllNames
FNDA:0,getDefineNames
FNDA:0,getConfig
FNDA:0,save
FNDA:0,applyDefine
DA:3,0
DA:282,0
DA:1084,0
DA:1091,0
DA:1098,0
DA:1108,0
DA:1115,0
LF:7
LH:0
BRF:0
BRH:0
end_of_record
TN:
SF:E:\Ces-Archive\npc\src\mock\appDefine\listDefine.js
FN:563,getAllNames
FN:570,getDefineNames
FN:584,save
FN:591,applyDefine
FNF:4
FNH:0
FNDA:0,getAllNames
FNDA:0,getDefineNames
FNDA:0,save
FNDA:0,applyDefine
DA:2,0
DA:4,0
DA:52,0
DA:307,0
DA:564,0
DA:570,0
DA:571,0
DA:572,0
DA:573,0
DA:574,0
DA:576,0
DA:578,0
DA:585,0
DA:592,0
LF:14
LH:0
BRDA:573,0,0,0
BRDA:573,0,1,0
BRF:2
BRH:0
end_of_record
TN:
SF:E:\Ces-Archive\npc\src\mock\appDefine\queryDefine.js
FN:307,getAllNames
FN:314,getDefineNames
FN:321,save
FN:326,applyDefine
FNF:4
FNH:0
FNDA:0,getAllNames
FNDA:0,getDefineNames
FNDA:0,save
FNDA:0,applyDefine
DA:3,0
DA:51,0
DA:308,0
DA:315,0
DA:322,0
DA:327,0
LF:6
LH:0
BRF:0
BRH:0
end_of_record
TN:
SF:E:\Ces-Archive\npc\src\mock\appDefine\reportDefine.js
FN:1437,getAllNames
FN:1444,getDefineNames
FN:1451,save
FN:1458,applyDefine
FNF:4
FNH:0
FNDA:0,getAllNames
FNDA:0,getDefineNames
FNDA:0,save
FNDA:0,applyDefine
DA:3,0
DA:1265,0
DA:1438,0
DA:1445,0
DA:1452,0
DA:1459,0
LF:6
LH:0
BRF:0
BRH:0
end_of_record
TN:
SF:E:\Ces-Archive\npc\src\mock\appDefine\sortDefine.js
FN:54,getAllNames
FN:61,getDefineNames
FN:68,save
FN:73,applyDefine
FNF:4
FNH:0
FNDA:0,getAllNames
FNDA:0,getDefineNames
FNDA:0,save
FNDA:0,applyDefine
DA:3,0
DA:5,0
DA:55,0
DA:62,0
DA:69,0
DA:74,0
LF:6
LH:0
BRF:0
BRH:0
end_of_record
TN:
SF:E:\Ces-Archive\npc\src\mock\archiveRange\archiveRange.js
FN:4,getList
FN:24,create
FN:40,update
FN:46,_delete
FNF:4
FNH:0
FNDA:0,getList
FNDA:0,create
FNDA:0,update
FNDA:0,_delete
DA:1,0
DA:5,0
DA:24,0
DA:25,0
DA:26,0
DA:27,0
DA:35,0
DA:41,0
DA:47,0
LF:9
LH:0
BRF:0
BRH:0
end_of_record
TN:
SF:E:\Ces-Archive\npc\src\mock\archiveRange\archiveRangeType.js
FN:21,getRangeYear
FN:38,getTree
FN:45,getList
FN:51,create
FN:62,update
FN:68,_delete
FN:78,getRangeList
FNF:7
FNH:0
FNDA:0,getRangeYear
FNDA:0,getTree
FNDA:0,getList
FNDA:0,create
FNDA:0,update
FNDA:0,_delete
FNDA:0,getRangeList
DA:1,0
DA:3,0
DA:22,0
DA:39,0
DA:46,0
DA:52,0
DA:53,0
DA:57,0
DA:63,0
DA:68,0
DA:69,0
DA:70,0
DA:73,0
DA:79,0
LF:14
LH:0
BRF:0
BRH:0
end_of_record
TN:
SF:E:\Ces-Archive\npc\src\mock\archiveTreeDefine\archiveTree.js
FN:76,fetchTreeData
FN:83,create
FN:98,update
FN:109,batchAdd
FN:113,_delete
FN:117,getListProperty
FN:123,getListProperty1
FNF:7
FNH:0
FNDA:0,fetchTreeData
FNDA:0,create
FNDA:0,update
FNDA:0,batchAdd
FNDA:0,_delete
FNDA:0,getListProperty
FNDA:0,getListProperty1
DA:1,0
DA:3,0
DA:55,0
DA:77,0
DA:83,0
DA:84,0
DA:85,0
DA:86,0
DA:93,0
DA:98,0
DA:99,0
DA:100,0
DA:104,0
DA:109,0
DA:113,0
DA:118,0
DA:124,0
LF:17
LH:0
BRF:0
BRH:0
end_of_record
TN:
SF:E:\Ces-Archive\npc\src\mock\archiveTreeDefine\archiveTreeBusiness.js
FN:4,getList
FN:22,create
FN:31,update
FN:37,_delete
FN:43,copy
FNF:5
FNH:0
FNDA:0,getList
FNDA:0,create
FNDA:0,update
FNDA:0,_delete
FNDA:0,copy
DA:1,0
DA:5,0
DA:23,0
DA:26,0
DA:32,0
DA:38,0
DA:44,0
LF:7
LH:0
BRF:0
BRH:0
end_of_record
TN:
SF:E:\Ces-Archive\npc\src\mock\archiveTreeDefine\archiveTreeView.js
FN:2,getTreeWidthCheck
FN:68,getTree
FNF:2
FNH:0
FNDA:0,getTreeWidthCheck
FNDA:0,getTree
DA:3,0
DA:69,0
LF:2
LH:0
BRF:0
BRH:0
end_of_record
TN:
SF:E:\Ces-Archive\npc\src\mock\archiveTypeDefine\archiveType.js
FN:89,getList
FN:92,(anonymous_2)
FN:103,(anonymous_3)
FN:111,getTree
FN:159,create
FN:162,update
FN:165,_delete
FN:168,deleteTree
FN:172,addTree
FN:182,editTree
FN:188,toSystem
FN:191,unSystem
FN:194,getCustomDefinedDetail
FN:435,addCustomDefinedDetail
FN:451,deleteCustomDefinedDetail
FN:454,getCustomDefinedOption
FN:477,findByType
FN:829,isArchiveInUse
FN:838,getArchiveTypes
FNF:19
FNH:0
FNDA:0,getList
FNDA:0,(anonymous_2)
FNDA:0,(anonymous_3)
FNDA:0,getTree
FNDA:0,create
FNDA:0,update
FNDA:0,_delete
FNDA:0,deleteTree
FNDA:0,addTree
FNDA:0,editTree
FNDA:0,toSystem
FNDA:0,unSystem
FNDA:0,getCustomDefinedDetail
FNDA:0,addCustomDefinedDetail
FNDA:0,deleteCustomDefinedDetail
FNDA:0,getCustomDefinedOption
FNDA:0,findByType
FNDA:0,isArchiveInUse
FNDA:0,getArchiveTypes
DA:1,0
DA:2,0
DA:4,0
DA:5,0
DA:7,0
DA:8,0
DA:67,0
DA:89,0
DA:90,0
DA:92,0
DA:93,0
DA:94,0
DA:95,0
DA:96,0
DA:99,0
DA:100,0
DA:103,0
DA:105,0
DA:112,0
DA:159,0
DA:162,0
DA:165,0
DA:168,0
DA:173,0
DA:174,0
DA:177,0
DA:183,0
DA:188,0
DA:191,0
DA:195,0
DA:435,0
DA:451,0
DA:455,0
DA:478,0
DA:830,0
DA:833,0
DA:839,0
LF:37
LH:0
BRDA:90,0,0,0
BRDA:90,0,1,0
BRDA:90,1,0,0
BRDA:90,1,1,0
BRDA:93,2,0,0
BRDA:93,2,1,0
BRDA:93,3,0,0
BRDA:93,3,1,0
BRDA:94,4,0,0
BRDA:94,4,1,0
BRDA:94,5,0,0
BRDA:94,5,1,0
BRDA:95,6,0,0
BRDA:95,6,1,0
BRDA:95,7,0,0
BRDA:95,7,1,0
BRDA:99,8,0,0
BRDA:99,8,1,0
BRDA:103,9,0,0
BRDA:103,9,1,0
BRF:20
BRH:0
end_of_record
TN:
SF:E:\Ces-Archive\npc\src\mock\archiveTypeDefine\property.js
FN:53,getList
FN:59,getTree
FN:148,create
FN:151,update
FN:154,_delete
FN:157,deleteTree
FN:161,addTree
FN:179,editTree
FN:195,toSystem
FN:198,unSystem
FN:201,getCustomDefinedDetail
FN:218,addCustomDefinedDetail
FN:221,deleteCustomDefinedDetail
FN:224,getCustomDefinedOption
FN:244,apply
FNF:15
FNH:0
FNDA:0,getList
FNDA:0,getTree
FNDA:0,create
FNDA:0,update
FNDA:0,_delete
FNDA:0,deleteTree
FNDA:0,addTree
FNDA:0,editTree
FNDA:0,toSystem
FNDA:0,unSystem
FNDA:0,getCustomDefinedDetail
FNDA:0,addCustomDefinedDetail
FNDA:0,deleteCustomDefinedDetail
FNDA:0,getCustomDefinedOption
FNDA:0,apply
DA:1,0
DA:3,0
DA:54,0
DA:60,0
DA:148,0
DA:151,0
DA:154,0
DA:157,0
DA:161,0
DA:162,0
DA:163,0
DA:164,0
DA:174,0
DA:179,0
DA:180,0
DA:181,0
DA:190,0
DA:195,0
DA:198,0
DA:202,0
DA:218,0
DA:221,0
DA:225,0
DA:244,0
LF:24
LH:0
BRF:0
BRH:0
end_of_record
TN:
SF:E:\Ces-Archive\npc\src\router\_import_development.js
FN:1,(anonymous_0)
FNF:1
FNH:0
FNDA:0,(anonymous_0)
DA:1,0
LF:1
LH:0
BRF:0
BRH:0
end_of_record
TN:
SF:E:\Ces-Archive\npc\src\router\_import_production.js
FN:1,(anonymous_1)
FN:1,(anonymous_2)
FNF:2
FNH:0
FNDA:0,(anonymous_1)
FNDA:0,(anonymous_2)
DA:1,0
LF:1
LH:0
BRF:0
BRH:0
end_of_record
TN:
SF:E:\Ces-Archive\npc\src\store\getters.js
FN:2,sidebar
FN:3,language
FN:4,visitedViews
FN:5,cachedViews
FN:6,token
FN:7,userId
FN:8,name
FN:9,roles
FN:10,menus
FN:11,deptId
FN:12,deptName
FN:13,loginName
FN:14,permission_routers
FN:15,addRouters
FN:16,errorLogs
FN:17,borrowBus
FN:18,deptList
FNF:17
FNH:0
FNDA:0,sidebar
FNDA:0,language
FNDA:0,visitedViews
FNDA:0,cachedViews
FNDA:0,token
FNDA:0,userId
FNDA:0,name
FNDA:0,roles
FNDA:0,menus
FNDA:0,deptId
FNDA:0,deptName
FNDA:0,loginName
FNDA:0,permission_routers
FNDA:0,addRouters
FNDA:0,errorLogs
FNDA:0,borrowBus
FNDA:0,deptList
DA:1,0
DA:2,0
DA:3,0
DA:4,0
DA:5,0
DA:6,0
DA:7,0
DA:8,0
DA:9,0
DA:10,0
DA:11,0
DA:12,0
DA:13,0
DA:14,0
DA:15,0
DA:16,0
DA:17,0
DA:18,0
LF:18
LH:0
BRF:0
BRH:0
end_of_record
TN:
SF:E:\Ces-Archive\npc\src\store\index.js
FNF:0
FNH:0
DA:1,0
DA:2,0
DA:3,0
DA:4,0
DA:5,0
DA:6,0
DA:7,0
DA:8,0
DA:9,0
DA:11,0
DA:13,0
LF:11
LH:0
BRF:0
BRH:0
end_of_record
TN:
SF:E:\Ces-Archive\npc\src\store\modules\app.js
FN:11,TOGGLE_SIDEBAR
FN:19,SET_LANGUAGE
FN:24,toggleSideBar
FN:24,setLanguage
FNF:4
FNH:0
FNDA:0,TOGGLE_SIDEBAR
FNDA:0,SET_LANGUAGE
FNDA:0,toggleSideBar
FNDA:0,setLanguage
DA:1,0
DA:3,0
DA:12,0
DA:13,0
DA:15,0
DA:17,0
DA:20,0
DA:21,0
DA:25,0
DA:26,0
DA:28,0
DA:29,0
LF:12
LH:0
BRDA:8,0,0,0
BRDA:8,0,1,0
BRDA:12,1,0,0
BRDA:12,1,1,0
BRF:4
BRH:0
end_of_record
TN:
SF:E:\Ces-Archive\npc\src\store\modules\errorLog.js
FN:6,ADD_ERROR_LOG
FN:10,addErrorLog
FNF:2
FNH:0
FNDA:0,ADD_ERROR_LOG
FNDA:0,addErrorLog
DA:1,0
DA:7,0
DA:11,0
DA:12,0
LF:4
LH:0
BRF:0
BRH:0
end_of_record
TN:
SF:E:\Ces-Archive\npc\src\store\modules\global.js
FN:34,SET_CODINGDATA
FN:34,SET_CODINGALL
FN:34,SET_ARCHIVETYPES
FN:34,SET_PROPERTYALL
FN:34,SET_DEPTLIST
FN:34,SET_BORROWBUS
FN:34,ADD_BORROWBUS
FN:34,DEL_BORROWBUS
FN:64,getCodingData
FN:65,_callee
FN:64,getCodingAll
FN:71,_callee2
FN:64,getArchiveTypes
FN:77,_callee3
FN:81,(anonymous_18)
FN:64,getPropertyAll
FN:85,_callee4
FN:64,getDeptList
FN:91,_callee5
FN:64,getBorrowBus
FN:97,_callee6
FN:64,addBorrowBus
FN:64,delBorrowBus
FNF:23
FNH:0
FNDA:0,SET_CODINGDATA
FNDA:0,SET_CODINGALL
FNDA:0,SET_ARCHIVETYPES
FNDA:0,SET_PROPERTYALL
FNDA:0,SET_DEPTLIST
FNDA:0,SET_BORROWBUS
FNDA:0,ADD_BORROWBUS
FNDA:0,DEL_BORROWBUS
FNDA:0,getCodingData
FNDA:0,_callee
FNDA:0,getCodingAll
FNDA:0,_callee2
FNDA:0,getArchiveTypes
FNDA:0,_callee3
FNDA:0,(anonymous_18)
FNDA:0,getPropertyAll
FNDA:0,_callee4
FNDA:0,getDeptList
FNDA:0,_callee5
FNDA:0,getBorrowBus
FNDA:0,_callee6
FNDA:0,addBorrowBus
FNDA:0,delBorrowBus
DA:1,0
DA:2,0
DA:3,0
DA:4,0
DA:5,0
DA:7,0
DA:36,0
DA:39,0
DA:42,0
DA:45,0
DA:48,0
DA:51,0
DA:54,0
DA:55,0
DA:59,0
DA:60,0
DA:65,0
DA:66,0
DA:67,0
DA:68,0
DA:71,0
DA:72,0
DA:73,0
DA:74,0
DA:77,0
DA:78,0
DA:79,0
DA:81,0
DA:82,0
DA:85,0
DA:86,0
DA:87,0
DA:88,0
DA:91,0
DA:92,0
DA:93,0
DA:94,0
DA:97,0
DA:98,0
DA:99,0
DA:100,0
DA:103,0
DA:104,0
DA:106,0
DA:107,0
LF:45
LH:0
BRDA:65,0,0,0
BRDA:65,0,1,0
BRDA:65,0,2,0
BRDA:65,0,3,0
BRDA:67,1,0,0
BRDA:67,1,1,0
BRDA:71,2,0,0
BRDA:71,2,1,0
BRDA:71,2,2,0
BRDA:71,2,3,0
BRDA:73,3,0,0
BRDA:73,3,1,0
BRDA:77,4,0,0
BRDA:77,4,1,0
BRDA:77,4,2,0
BRDA:77,4,3,0
BRDA:79,5,0,0
BRDA:79,5,1,0
BRDA:85,6,0,0
BRDA:85,6,1,0
BRDA:85,6,2,0
BRDA:85,6,3,0
BRDA:87,7,0,0
BRDA:87,7,1,0
BRDA:91,8,0,0
BRDA:91,8,1,0
BRDA:91,8,2,0
BRDA:91,8,3,0
BRDA:93,9,0,0
BRDA:93,9,1,0
BRDA:97,10,0,0
BRDA:97,10,1,0
BRDA:97,10,2,0
BRDA:97,10,3,0
BRDA:99,11,0,0
BRDA:99,11,1,0
BRF:36
BRH:0
end_of_record
TN:
SF:E:\Ces-Archive\npc\src\store\modules\permission.js
FN:9,hasPermission
FN:11,(anonymous_2)
FN:13,(anonymous_3)
FN:18,(anonymous_4)
FN:29,filterAsyncRouter
FN:30,(anonymous_6)
FN:48,SET_ROUTERS
FN:53,GenerateRoutes
FN:55,(anonymous_9)
FNF:9
FNH:0
FNDA:0,hasPermission
FNDA:0,(anonymous_2)
FNDA:0,(anonymous_3)
FNDA:0,(anonymous_4)
FNDA:0,filterAsyncRouter
FNDA:0,(anonymous_6)
FNDA:0,SET_ROUTERS
FNDA:0,GenerateRoutes
FNDA:0,(anonymous_9)
DA:1,0
DA:10,0
DA:11,0
DA:12,0
DA:13,0
DA:14,0
DA:17,0
DA:18,0
DA:20,0
DA:30,0
DA:31,0
DA:32,0
DA:33,0
DA:35,0
DA:37,0
DA:39,0
DA:42,0
DA:49,0
DA:50,0
DA:54,0
DA:55,0
DA:56,0
DA:57,0
DA:58,0
DA:59,0
DA:60,0
LF:26
LH:0
BRDA:17,0,0,0
BRDA:17,0,1,0
BRDA:17,1,0,0
BRDA:17,1,1,0
BRDA:31,2,0,0
BRDA:31,2,1,0
BRDA:32,3,0,0
BRDA:32,3,1,0
BRDA:32,4,0,0
BRDA:32,4,1,0
BRF:10
BRH:0
end_of_record
TN:
SF:E:\Ces-Archive\npc\src\store\modules\tagsView.js
FN:7,ADD_VISITED_VIEWS
FN:8,(anonymous_2)
FN:18,DEL_VISITED_VIEWS
FN:33,DEL_OTHERS_VIEWS
FN:48,DEL_ALL_VIEWS
FN:53,addVisitedViews
FN:53,delVisitedViews
FN:58,(anonymous_8)
FN:53,delOthersViews
FN:64,(anonymous_10)
FN:53,delAllViews
FN:70,(anonymous_12)
FNF:12
FNH:0
FNDA:0,ADD_VISITED_VIEWS
FNDA:0,(anonymous_2)
FNDA:0,DEL_VISITED_VIEWS
FNDA:0,DEL_OTHERS_VIEWS
FNDA:0,DEL_ALL_VIEWS
FNDA:0,addVisitedViews
FNDA:0,delVisitedViews
FNDA:0,(anonymous_8)
FNDA:0,delOthersViews
FNDA:0,(anonymous_10)
FNDA:0,delAllViews
FNDA:0,(anonymous_12)
DA:1,0
DA:8,0
DA:9,0
DA:14,0
DA:15,0
DA:18,0
DA:19,0
DA:20,0
DA:21,0
DA:22,0
DA:25,0
DA:26,0
DA:27,0
DA:28,0
DA:29,0
DA:33,0
DA:34,0
DA:35,0
DA:36,0
DA:37,0
DA:40,0
DA:41,0
DA:42,0
DA:43,0
DA:44,0
DA:49,0
DA:50,0
DA:54,0
DA:55,0
DA:57,0
DA:58,0
DA:59,0
DA:60,0
DA:63,0
DA:64,0
DA:65,0
DA:66,0
DA:69,0
DA:70,0
DA:71,0
DA:72,0
LF:41
LH:0
BRDA:8,0,0,0
BRDA:8,0,1,0
BRDA:12,1,0,0
BRDA:12,1,1,0
BRDA:14,2,0,0
BRDA:14,2,1,0
BRDA:20,3,0,0
BRDA:20,3,1,0
BRDA:18,4,0,0
BRDA:18,4,1,0
BRDA:26,5,0,0
BRDA:26,5,1,0
BRDA:35,6,0,0
BRDA:35,6,1,0
BRDA:33,7,0,0
BRDA:33,7,1,0
BRDA:41,8,0,0
BRDA:41,8,1,0
BRF:18
BRH:0
end_of_record
TN:
SF:E:\Ces-Archive\npc\src\store\modules\user.js
FN:17,SET_MENUS
FN:20,SET_FONDSCODE
FN:23,SET_TOKEN
FN:26,SET_INTRODUCTION
FN:29,SET_SETTING
FN:32,SET_STATUS
FN:35,SET_NAME
FN:38,SET_AVATAR
FN:41,SET_ROLES
FN:44,SET_ID
FN:47,SET_DEPTID
FN:50,SET_DEPTNAME
FN:53,SET_LOGINNAME
FN:58,LoginByUsername
FN:62,(anonymous_15)
FN:63,(anonymous_16)
FN:68,(anonymous_17)
FN:58,GetUserInfo
FN:76,(anonymous_19)
FN:77,(anonymous_20)
FN:90,(anonymous_21)
FN:58,SSOLogin
FN:97,(anonymous_23)
FN:58,LogOut
FN:118,(anonymous_25)
FN:119,(anonymous_26)
FN:124,(anonymous_27)
FN:58,FedLogOut
FN:132,(anonymous_29)
FN:58,ChangeRoles
FN:141,(anonymous_31)
FN:144,(anonymous_32)
FNF:32
FNH:0
FNDA:0,SET_MENUS
FNDA:0,SET_FONDSCODE
FNDA:0,SET_TOKEN
FNDA:0,SET_INTRODUCTION
FNDA:0,SET_SETTING
FNDA:0,SET_STATUS
FNDA:0,SET_NAME
FNDA:0,SET_AVATAR
FNDA:0,SET_ROLES
FNDA:0,SET_ID
FNDA:0,SET_DEPTID
FNDA:0,SET_DEPTNAME
FNDA:0,SET_LOGINNAME
FNDA:0,LoginByUsername
FNDA:0,(anonymous_15)
FNDA:0,(anonymous_16)
FNDA:0,(anonymous_17)
FNDA:0,GetUserInfo
FNDA:0,(anonymous_19)
FNDA:0,(anonymous_20)
FNDA:0,(anonymous_21)
FNDA:0,SSOLogin
FNDA:0,(anonymous_23)
FNDA:0,LogOut
FNDA:0,(anonymous_25)
FNDA:0,(anonymous_26)
FNDA:0,(anonymous_27)
FNDA:0,FedLogOut
FNDA:0,(anonymous_29)
FNDA:0,ChangeRoles
FNDA:0,(anonymous_31)
FNDA:0,(anonymous_32)
DA:1,0
DA:2,0
DA:4,0
DA:18,0
DA:21,0
DA:24,0
DA:27,0
DA:30,0
DA:33,0
DA:36,0
DA:39,0
DA:42,0
DA:45,0
DA:48,0
DA:51,0
DA:54,0
DA:60,0
DA:61,0
DA:62,0
DA:63,0
DA:64,0
DA:65,0
DA:66,0
DA:67,0
DA:69,0
DA:75,0
DA:76,0
DA:77,0
DA:78,0
DA:79,0
DA:81,0
DA:82,0
DA:83,0
DA:84,0
DA:85,0
DA:86,0
DA:87,0
DA:88,0
DA:89,0
DA:91,0
DA:96,0
DA:97,0
DA:98,0
DA:99,0
DA:100,0
DA:117,0
DA:118,0
DA:119,0
DA:120,0
DA:121,0
DA:122,0
DA:123,0
DA:125,0
DA:131,0
DA:132,0
DA:133,0
DA:134,0
DA:135,0
DA:140,0
DA:141,0
DA:142,0
DA:143,0
DA:144,0
DA:145,0
DA:146,0
DA:147,0
DA:148,0
DA:149,0
LF:68
LH:0
BRDA:78,0,0,0
BRDA:78,0,1,0
BRF:2
BRH:0
end_of_record
TN:
SF:E:\Ces-Archive\npc\src\utils\auth.js
FN:5,getToken
FN:9,setToken
FN:13,removeToken
FNF:3
FNH:0
FNDA:0,getToken
FNDA:0,setToken
FNDA:0,removeToken
DA:1,0
DA:3,0
DA:6,0
DA:10,0
DA:14,0
LF:5
LH:0
BRF:0
BRH:0
end_of_record
TN:
SF:E:\Ces-Archive\npc\src\utils\clipboard.js
FN:4,clipboardSuccess
FN:12,clipboardError
FN:21,text
FN:23,(anonymous_5)
FN:29,(anonymous_6)
FNF:5
FNH:0
FNDA:0,clipboardSuccess
FNDA:0,clipboardError
FNDA:0,text
FNDA:0,(anonymous_5)
FNDA:0,(anonymous_6)
DA:1,0
DA:2,0
DA:5,0
DA:13,0
DA:20,0
DA:21,0
DA:23,0
DA:24,0
DA:25,0
DA:26,0
DA:27,0
DA:29,0
DA:30,0
DA:31,0
DA:32,0
DA:33,0
DA:35,0
LF:17
LH:0
BRF:0
BRH:0
end_of_record
TN:
SF:E:\Ces-Archive\npc\src\utils\createUniqueString.js
FN:4,createUniqueString
FNF:1
FNH:0
FNDA:0,createUniqueString
DA:5,0
DA:6,0
DA:7,0
LF:3
LH:0
BRF:0
BRH:0
end_of_record
TN:
SF:E:\Ces-Archive\npc\src\utils\index.js
FN:5,parseTime
FN:35,getQueryObject
FN:40,(anonymous_4)
FN:50,cleanArray
FN:60,param
FN:62,(anonymous_7)
FN:69,param2Obj
FN:77,html2Text
FN:83,objectMerge
FN:93,(anonymous_11)
FN:104,scrollTo
FN:108,(anonymous_13)
FN:115,toggleClass
FN:130,onClick
FN:138,onClick
FN:146,onClick
FN:154,onClick
FN:164,getTime
FN:172,debounce
FN:175,later
FN:192,(anonymous_22)
FN:207,deepClone
FN:212,(anonymous_24)
FN:223,convert
FN:236,formatFileSize
FNF:25
FNH:0
FNDA:0,parseTime
FNDA:0,getQueryObject
FNDA:0,(anonymous_4)
FNDA:0,cleanArray
FNDA:0,param
FNDA:0,(anonymous_7)
FNDA:0,param2Obj
FNDA:0,html2Text
FNDA:0,objectMerge
FNDA:0,(anonymous_11)
FNDA:0,scrollTo
FNDA:0,(anonymous_13)
FNDA:0,toggleClass
FNDA:0,onClick
FNDA:0,onClick
FNDA:0,onClick
FNDA:0,onClick
FNDA:0,getTime
FNDA:0,debounce
FNDA:0,later
FNDA:0,(anonymous_22)
FNDA:0,deepClone
FNDA:0,(anonymous_24)
FNDA:0,convert
FNDA:0,formatFileSize
DA:6,0
DA:7,0
DA:12,0
DA:13,0
DA:14,0
DA:16,0
DA:18,0
DA:19,0
DA:20,0
DA:21,0
DA:22,0
DA:23,0
DA:24,0
DA:25,0
DA:27,0
DA:28,0
DA:30,0
DA:36,0
DA:37,0
DA:38,0
DA:39,0
DA:40,0
DA:41,0
DA:42,0
DA:43,0
DA:44,0
DA:45,0
DA:47,0
DA:51,0
DA:52,0
DA:53,0
DA:54,0
DA:57,0
DA:61,0
DA:62,0
DA:63,0
DA:64,0
DA:70,0
DA:71,0
DA:72,0
DA:74,0
DA:78,0
DA:79,0
DA:80,0
DA:87,0
DA:88,0
DA:90,0
DA:91,0
DA:93,0
DA:94,0
DA:95,0
DA:96,0
DA:98,0
DA:101,0
DA:105,0
DA:106,0
DA:107,0
DA:108,0
DA:109,0
DA:110,0
DA:111,0
DA:116,0
DA:117,0
DA:119,0
DA:120,0
DA:121,0
DA:122,0
DA:124,0
DA:126,0
DA:129,0
DA:133,0
DA:134,0
DA:135,0
DA:136,0
DA:141,0
DA:142,0
DA:143,0
DA:144,0
DA:149,0
DA:150,0
DA:151,0
DA:152,0
DA:157,0
DA:158,0
DA:159,0
DA:160,0
DA:165,0
DA:166,0
DA:168,0
DA:173,0
DA:175,0
DA:177,0
DA:180,0
DA:181,0
DA:183,0
DA:185,0
DA:186,0
DA:187,0
DA:192,0
DA:193,0
DA:194,0
DA:195,0
DA:197,0
DA:198,0
DA:199,0
DA:200,0
DA:203,0
DA:208,0
DA:209,0
DA:211,0
DA:212,0
DA:213,0
DA:214,0
DA:215,0
DA:217,0
DA:220,0
DA:223,0
DA:224,0
DA:225,0
DA:226,0
DA:227,0
DA:231,0
DA:233,0
DA:237,0
DA:238,0
DA:239,0
DA:240,0
DA:241,0
DA:242,0
DA:243,0
DA:244,0
LF:131
LH:0
BRDA:6,0,0,0
BRDA:6,0,1,0
BRDA:18,1,0,0
BRDA:18,1,1,0
BRDA:20,2,0,0
BRDA:20,2,1,0
BRDA:22,3,0,0
BRDA:22,3,1,0
BRDA:24,4,0,0
BRDA:24,4,1,0
BRDA:27,5,0,0
BRDA:27,5,1,0
BRDA:36,6,0,0
BRDA:36,6,1,0
BRDA:53,7,0,0
BRDA:53,7,1,0
BRDA:61,8,0,0
BRDA:61,8,1,0
BRDA:63,9,0,0
BRDA:63,9,1,0
BRDA:71,10,0,0
BRDA:71,10,1,0
BRDA:80,11,0,0
BRDA:80,11,1,0
BRDA:87,12,0,0
BRDA:87,12,1,0
BRDA:87,13,0,0
BRDA:87,13,1,0
BRDA:90,14,0,0
BRDA:90,14,1,0
BRDA:95,15,0,0
BRDA:95,15,1,0
BRDA:95,16,0,0
BRDA:95,16,1,0
BRDA:105,17,0,0
BRDA:105,17,1,0
BRDA:110,18,0,0
BRDA:110,18,1,0
BRDA:116,19,0,0
BRDA:116,19,1,0
BRDA:116,20,0,0
BRDA:116,20,1,0
BRDA:121,21,0,0
BRDA:121,21,1,0
BRDA:165,22,0,0
BRDA:165,22,1,0
BRDA:180,23,0,0
BRDA:180,23,1,0
BRDA:180,24,0,0
BRDA:180,24,1,0
BRDA:185,25,0,0
BRDA:185,25,1,0
BRDA:187,26,0,0
BRDA:187,26,1,0
BRDA:195,27,0,0
BRDA:195,27,1,0
BRDA:197,28,0,0
BRDA:197,28,1,0
BRDA:198,29,0,0
BRDA:198,29,1,0
BRDA:208,30,0,0
BRDA:208,30,1,0
BRDA:208,31,0,0
BRDA:208,31,1,0
BRDA:208,32,0,0
BRDA:208,32,1,0
BRDA:211,33,0,0
BRDA:211,33,1,0
BRDA:213,34,0,0
BRDA:213,34,1,0
BRDA:213,35,0,0
BRDA:213,35,1,0
BRDA:214,36,0,0
BRDA:214,36,1,0
BRDA:223,37,0,0
BRDA:223,37,1,0
BRDA:237,38,0,0
BRDA:237,38,1,0
BRDA:238,39,0,0
BRDA:238,39,1,0
BRDA:239,40,0,0
BRDA:239,40,1,0
BRDA:241,41,0,0
BRDA:241,41,1,0
BRDA:243,42,0,0
BRDA:243,42,1,0
BRF:86
BRH:0
end_of_record
TN:
SF:E:\Ces-Archive\npc\src\utils\openWindow.js
FN:9,openWindow
FNF:1
FNH:0
FNDA:0,openWindow
DA:11,0
DA:12,0
DA:14,0
DA:15,0
DA:17,0
DA:18,0
DA:19,0
DA:22,0
DA:23,0
LF:9
LH:0
BRDA:11,0,0,0
BRDA:11,0,1,0
BRDA:12,1,0,0
BRDA:12,1,1,0
BRDA:14,2,0,0
BRDA:14,2,1,0
BRDA:14,3,0,0
BRDA:14,3,1,0
BRDA:15,4,0,0
BRDA:15,4,1,0
BRDA:15,5,0,0
BRDA:15,5,1,0
BRDA:22,6,0,0
BRDA:22,6,1,0
BRF:14
BRH:0
end_of_record
TN:
SF:E:\Ces-Archive\npc\src\utils\request.js
FN:18,(anonymous_1)
FN:31,(anonymous_2)
FN:37,(anonymous_3)
FN:77,(anonymous_4)
FNF:4
FNH:0
FNDA:0,(anonymous_1)
FNDA:0,(anonymous_2)
FNDA:0,(anonymous_3)
FNDA:0,(anonymous_4)
DA:1,0
DA:2,0
DA:3,0
DA:4,0
DA:5,0
DA:8,0
DA:18,0
DA:20,0
DA:21,0
DA:23,0
DA:24,0
DA:25,0
DA:26,0
DA:28,0
DA:30,0
DA:32,0
DA:38,0
DA:39,0
DA:40,0
DA:45,0
DA:47,0
DA:78,0
DA:79,0
DA:84,0
LF:24
LH:0
BRDA:20,0,0,0
BRDA:20,0,1,0
BRDA:23,1,0,0
BRDA:23,1,1,0
BRDA:24,2,0,0
BRDA:24,2,1,0
BRDA:39,3,0,0
BRDA:39,3,1,0
BRF:8
BRH:0
end_of_record
TN:
SF:E:\Ces-Archive\npc\src\utils\util.js
FNF:0
FNH:0
DA:1,0
DA:20,0
DA:90,0
DA:170,0
DA:182,0
DA:217,0
DA:218,0
LF:7
LH:0
BRF:0
BRH:0
end_of_record
TN:
SF:E:\Ces-Archive\npc\src\utils\validate.js
FN:25,validatAlphabets
FN:30,validateEmail
FNF:2
FNH:0
FNDA:0,validatAlphabets
FNDA:0,validateEmail
DA:2,0
DA:3,0
DA:8,0
DA:9,0
DA:14,0
DA:15,0
DA:20,0
DA:21,0
DA:26,0
DA:27,0
DA:31,0
DA:32,0
LF:12
LH:0
BRF:0
BRH:0
end_of_record
TN:
SF:E:\Ces-Archive\npc\src\views\borrowBus\index.vue
FN:37,data
FN:47,created
FN:52,codingAll
FN:59,getList
FN:61,(anonymous_6)
FN:66,handleSelectionChange
FN:69,remove
FN:70,(anonymous_9)
FN:75,(anonymous_10)
FN:76,(anonymous_11)
FN:86,borrowApply
FN:88,(anonymous_13)
FN:91,(anonymous_14)
FN:95,update
FNF:14
FNH:0
FNDA:0,data
FNDA:0,created
FNDA:0,codingAll
FNDA:0,getList
FNDA:0,(anonymous_6)
FNDA:0,handleSelectionChange
FNDA:0,remove
FNDA:0,(anonymous_9)
FNDA:0,(anonymous_10)
FNDA:0,(anonymous_11)
FNDA:0,borrowApply
FNDA:0,(anonymous_13)
FNDA:0,(anonymous_14)
FNDA:0,update
DA:28,0
DA:29,0
DA:30,0
DA:31,0
DA:38,0
DA:48,0
DA:52,0
DA:59,0
DA:60,0
DA:61,0
DA:62,0
DA:63,0
DA:67,0
DA:69,0
DA:70,0
DA:75,0
DA:76,0
DA:77,0
DA:78,0
DA:79,0
DA:86,0
DA:87,0
DA:88,0
DA:91,0
DA:92,0
DA:96,0
LF:26
LH:0
BRF:0
BRH:0
end_of_record
TN:
SF:E:\Ces-Archive\npc\src\views\borrowBus\components\borrowApply.vue
FN:115,data
FN:116,validateNum
FN:120,(anonymous_4)
FN:179,handler
FN:192,handler
FN:208,codingAll
FN:210,isAdmin
FN:213,lyfsOptions
FN:229,created
FN:237,getFormData
FN:238,(anonymous_12)
FN:246,getDeptUsers
FN:247,(anonymous_14)
FN:251,saveBorrow
FN:252,(anonymous_16)
FN:265,(anonymous_17)
FN:280,beforeUpload
FN:283,handleProgress
FN:286,onSuccess
FN:298,handleError
FN:305,update
FNF:21
FNH:0
FNDA:0,data
FNDA:0,validateNum
FNDA:0,(anonymous_4)
FNDA:0,handler
FNDA:0,handler
FNDA:0,codingAll
FNDA:0,isAdmin
FNDA:0,lyfsOptions
FNDA:0,created
FNDA:0,getFormData
FNDA:0,(anonymous_12)
FNDA:0,getDeptUsers
FNDA:0,(anonymous_14)
FNDA:0,saveBorrow
FNDA:0,(anonymous_16)
FNDA:0,(anonymous_17)
FNDA:0,beforeUpload
FNDA:0,handleProgress
FNDA:0,onSuccess
FNDA:0,handleError
FNDA:0,update
DA:102,0
DA:103,0
DA:104,0
DA:116,0
DA:117,0
DA:118,0
DA:120,0
DA:121,0
DA:122,0
DA:124,0
DA:125,0
DA:127,0
DA:132,0
DA:180,0
DA:181,0
DA:182,0
DA:184,0
DA:185,0
DA:186,0
DA:193,0
DA:194,0
DA:195,0
DA:196,0
DA:197,0
DA:199,0
DA:200,0
DA:208,0
DA:211,0
DA:214,0
DA:215,0
DA:221,0
DA:222,0
DA:237,0
DA:238,0
DA:239,0
DA:240,0
DA:241,0
DA:242,0
DA:243,0
DA:246,0
DA:247,0
DA:248,0
DA:251,0
DA:252,0
DA:253,0
DA:254,0
DA:255,0
DA:256,0
DA:257,0
DA:258,0
DA:259,0
DA:260,0
DA:261,0
DA:265,0
DA:266,0
DA:267,0
DA:268,0
DA:272,0
DA:281,0
DA:284,0
DA:287,0
DA:288,0
DA:289,0
DA:291,0
DA:299,0
DA:306,0
DA:307,0
DA:308,0
DA:309,0
LF:69
LH:0
BRDA:117,0,0,0
BRDA:117,0,1,0
BRDA:121,1,0,0
BRDA:121,1,1,0
BRDA:124,2,0,0
BRDA:124,2,1,0
BRDA:124,3,0,0
BRDA:124,3,1,0
BRDA:180,4,0,0
BRDA:180,4,1,0
BRDA:193,5,0,0
BRDA:193,5,1,0
BRDA:211,6,0,0
BRDA:211,6,1,0
BRDA:214,7,0,0
BRDA:214,7,1,0
BRDA:221,8,0,0
BRDA:221,8,1,0
BRDA:253,9,0,0
BRDA:253,9,1,0
BRDA:257,10,0,0
BRDA:257,10,1,0
BRDA:259,11,0,0
BRDA:259,11,1,0
BRDA:257,12,0,0
BRDA:257,12,1,0
BRDA:287,13,0,0
BRDA:287,13,1,0
BRF:28
BRH:0
end_of_record
TN:
SF:E:\Ces-Archive\npc\src\views\components\ArchiveTree.vue
FN:19,_default
FN:24,data
FN:35,treeQuery
FN:42,loadNode
FN:45,(anonymous_5)
FN:50,(anonymous_6)
FN:55,handleNodeClick
FNF:7
FNH:0
FNDA:0,_default
FNDA:0,data
FNDA:0,treeQuery
FNDA:0,loadNode
FNDA:0,(anonymous_5)
FNDA:0,(anonymous_6)
FNDA:0,handleNodeClick
DA:13,0
DA:20,0
DA:25,0
DA:36,0
DA:43,0
DA:45,0
DA:46,0
DA:49,0
DA:50,0
DA:51,0
DA:56,0
DA:57,0
DA:59,0
LF:13
LH:0
BRDA:43,0,0,0
BRDA:43,0,1,0
BRDA:56,1,0,0
BRDA:56,1,1,0
BRF:4
BRH:0
end_of_record
TN:
SF:E:\Ces-Archive\npc\src\views\components\DataToLead.vue
FN:101,data
FN:141,codingAll
FN:145,beforeUpload
FN:156,handleExceed
FN:162,submitUpload
FN:165,handlePreview
FN:167,handleProgress
FN:170,onSuccess
FN:188,handleError
FN:191,cleraList
FN:195,getArchiveNo
FN:200,(anonymous_13)
FN:204,getImportInfo
FN:211,(anonymous_15)
FN:215,getDestPropertys
FN:220,(anonymous_17)
FN:224,handleImportExcel
FN:236,(anonymous_19)
FN:245,changeRidio
FNF:19
FNH:0
FNDA:0,data
FNDA:0,codingAll
FNDA:0,beforeUpload
FNDA:0,handleExceed
FNDA:0,submitUpload
FNDA:0,handlePreview
FNDA:0,handleProgress
FNDA:0,onSuccess
FNDA:0,handleError
FNDA:0,cleraList
FNDA:0,getArchiveNo
FNDA:0,(anonymous_13)
FNDA:0,getImportInfo
FNDA:0,(anonymous_15)
FNDA:0,getDestPropertys
FNDA:0,(anonymous_17)
FNDA:0,handleImportExcel
FNDA:0,(anonymous_19)
FNDA:0,changeRidio
DA:88,0
DA:89,0
DA:90,0
DA:102,0
DA:141,0
DA:146,0
DA:147,0
DA:148,0
DA:152,0
DA:154,0
DA:157,0
DA:163,0
DA:168,0
DA:171,0
DA:172,0
DA:173,0
DA:175,0
DA:179,0
DA:180,0
DA:181,0
DA:182,0
DA:183,0
DA:184,0
DA:185,0
DA:186,0
DA:189,0
DA:192,0
DA:193,0
DA:195,0
DA:196,0
DA:200,0
DA:201,0
DA:204,0
DA:205,0
DA:211,0
DA:212,0
DA:215,0
DA:216,0
DA:220,0
DA:221,0
DA:224,0
DA:225,0
DA:236,0
DA:237,0
DA:238,0
DA:242,0
DA:246,0
DA:247,0
DA:248,0
DA:249,0
LF:50
LH:0
BRDA:147,0,0,0
BRDA:147,0,1,0
BRDA:171,1,0,0
BRDA:171,1,1,0
BRDA:246,2,0,0
BRDA:246,2,1,0
BRDA:248,3,0,0
BRDA:248,3,1,0
BRF:8
BRH:0
end_of_record
TN:
SF:E:\Ces-Archive\npc\src\views\components\ExcelDerive.vue
FN:57,handler
FN:65,data
FN:76,getDefineList
FN:85,(anonymous_4)
FN:89,getNotDefineList
FN:98,(anonymous_6)
FN:102,handleUnDefineNamesSelectionChange
FN:105,handleDefineNamesSelectionChange
FN:108,moveToRight
FN:109,(anonymous_10)
FN:110,(anonymous_11)
FN:119,moveToLeft
FN:120,(anonymous_13)
FN:121,(anonymous_14)
FN:130,close
FN:136,save
FN:137,(anonymous_17)
FN:148,(anonymous_18)
FN:154,(anonymous_19)
FN:193,(anonymous_20)
FN:238,(anonymous_21)
FNF:21
FNH:0
FNDA:0,handler
FNDA:0,data
FNDA:0,getDefineList
FNDA:0,(anonymous_4)
FNDA:0,getNotDefineList
FNDA:0,(anonymous_6)
FNDA:0,handleUnDefineNamesSelectionChange
FNDA:0,handleDefineNamesSelectionChange
FNDA:0,moveToRight
FNDA:0,(anonymous_10)
FNDA:0,(anonymous_11)
FNDA:0,moveToLeft
FNDA:0,(anonymous_13)
FNDA:0,(anonymous_14)
FNDA:0,close
FNDA:0,save
FNDA:0,(anonymous_17)
FNDA:0,(anonymous_18)
FNDA:0,(anonymous_19)
FNDA:0,(anonymous_20)
FNDA:0,(anonymous_21)
DA:35,0
DA:58,0
DA:59,0
DA:60,0
DA:66,0
DA:76,0
DA:77,0
DA:82,0
DA:83,0
DA:85,0
DA:86,0
DA:89,0
DA:90,0
DA:95,0
DA:96,0
DA:98,0
DA:99,0
DA:103,0
DA:106,0
DA:108,0
DA:109,0
DA:110,0
DA:111,0
DA:112,0
DA:113,0
DA:114,0
DA:119,0
DA:120,0
DA:121,0
DA:122,0
DA:123,0
DA:124,0
DA:125,0
DA:131,0
DA:132,0
DA:133,0
DA:134,0
DA:136,0
DA:137,0
DA:138,0
DA:144,0
DA:145,0
DA:147,0
DA:148,0
DA:149,0
DA:153,0
DA:154,0
DA:155,0
DA:162,0
DA:163,0
DA:165,0
DA:166,0
DA:168,0
DA:169,0
DA:170,0
DA:171,0
DA:172,0
DA:173,0
DA:174,0
DA:175,0
DA:176,0
DA:177,0
DA:178,0
DA:179,0
DA:180,0
DA:181,0
DA:182,0
DA:183,0
DA:186,0
DA:187,0
DA:188,0
DA:189,0
DA:190,0
DA:192,0
DA:193,0
DA:194,0
DA:196,0
DA:197,0
DA:205,0
DA:206,0
DA:208,0
DA:209,0
DA:211,0
DA:213,0
DA:214,0
DA:215,0
DA:216,0
DA:217,0
DA:218,0
DA:219,0
DA:220,0
DA:221,0
DA:222,0
DA:223,0
DA:224,0
DA:225,0
DA:226,0
DA:227,0
DA:228,0
DA:231,0
DA:232,0
DA:233,0
DA:234,0
DA:235,0
DA:237,0
DA:238,0
DA:239,0
LF:107
LH:0
BRDA:58,0,0,0
BRDA:58,0,1,0
BRDA:82,1,0,0
BRDA:82,1,1,0
BRDA:95,2,0,0
BRDA:95,2,1,0
BRDA:111,3,0,0
BRDA:111,3,1,0
BRDA:122,4,0,0
BRDA:122,4,1,0
BRDA:144,5,0,0
BRDA:144,5,1,0
BRDA:153,6,0,0
BRDA:153,6,1,0
BRDA:162,7,0,0
BRDA:162,7,1,0
BRDA:165,8,0,0
BRDA:165,8,1,0
BRDA:178,9,0,0
BRDA:178,9,1,0
BRDA:187,10,0,0
BRDA:187,10,1,0
BRDA:189,11,0,0
BRDA:189,11,1,0
BRDA:196,12,0,0
BRDA:196,12,1,0
BRDA:205,13,0,0
BRDA:205,13,1,0
BRDA:208,14,0,0
BRDA:208,14,1,0
BRDA:223,15,0,0
BRDA:223,15,1,0
BRDA:232,16,0,0
BRDA:232,16,1,0
BRDA:234,17,0,0
BRDA:234,17,1,0
BRF:36
BRH:0
end_of_record
TN:
SF:E:\Ces-Archive\npc\src\views\components\FileInputForm.vue
FN:53,data
FN:54,validateDate
FN:55,compareDate
FN:58,(anonymous_5)
FN:90,handler
FN:99,handler
FN:107,handler
FN:113,handler
FN:119,handler
FN:125,handler
FN:131,handler
FN:137,handler
FN:146,itemCol
FN:149,dialogWidth
FN:152,formDataCopy
FN:160,getTitle
FN:165,getFormList
FN:168,(anonymous_19)
FN:175,getRejectInfo
FN:176,(anonymous_21)
FN:180,setDefaultValue
FN:183,(anonymous_23)
FN:197,getFileNo
FN:203,(anonymous_25)
FN:207,clearValidate
FN:211,addSave
FN:212,(anonymous_28)
FN:215,(anonymous_29)
FN:221,(anonymous_30)
FN:228,editSave
FN:229,(anonymous_32)
FN:232,(anonymous_33)
FNF:32
FNH:0
FNDA:0,data
FNDA:0,validateDate
FNDA:0,compareDate
FNDA:0,(anonymous_5)
FNDA:0,handler
FNDA:0,handler
FNDA:0,handler
FNDA:0,handler
FNDA:0,handler
FNDA:0,handler
FNDA:0,handler
FNDA:0,handler
FNDA:0,itemCol
FNDA:0,dialogWidth
FNDA:0,formDataCopy
FNDA:0,getTitle
FNDA:0,getFormList
FNDA:0,(anonymous_19)
FNDA:0,getRejectInfo
FNDA:0,(anonymous_21)
FNDA:0,setDefaultValue
FNDA:0,(anonymous_23)
FNDA:0,getFileNo
FNDA:0,(anonymous_25)
FNDA:0,clearValidate
FNDA:0,addSave
FNDA:0,(anonymous_28)
FNDA:0,(anonymous_29)
FNDA:0,(anonymous_30)
FNDA:0,editSave
FNDA:0,(anonymous_32)
FNDA:0,(anonymous_33)
DA:32,0
DA:33,0
DA:34,0
DA:53,0
DA:54,0
DA:56,0
DA:58,0
DA:59,0
[...]
DA:140,0
DA:141,0
DA:142,0
DA:144,0
DA:145,0
DA:146,0
DA:147,0
DA:148,0
DA:149,0
DA:156,0
DA:161,0
DA:162,0
DA:163,0
DA:164,0
DA:177,0
DA:178,0
DA:188,0
DA:191,0
DA:192,0
DA:193,0
DA:194,0
DA:195,0
DA:196,0
DA:197,0
DA:198,0
DA:199,0
DA:200,0
DA:201,0
DA:202,0
DA:203,0
DA:204,0
DA:205,0
DA:208,0
DA:209,0
DA:210,0
DA:211,0
DA:212,0
LF:56
LH:0
BRDA:89,0,0,0
BRDA:89,0,1,0
BRDA:136,1,0,0
BRDA:136,1,1,0
BRDA:163,2,0,0
BRDA:163,2,1,0
BRDA:177,3,0,0
BRDA:177,3,1,0
BRDA:200,4,0,0
BRDA:200,4,1,0
BRF:10
BRH:0
end_of_record
TN:
SF:E:\Ces-Archive\npc\src\views\modules\recycleBin\index.vue
FN:17,data
FN:156,cachedViews
FN:159,key
FN:164,handleNodeClick
FNF:4
FNH:0
FNDA:0,data
FNDA:0,cachedViews
FNDA:0,key
FNDA:0,handleNodeClick
DA:18,0
DA:157,0
DA:160,0
DA:165,0
DA:166,0
DA:168,0
DA:169,0
DA:170,0
DA:171,0
DA:172,0
DA:173,0
DA:174,0
DA:175,0
DA:176,0
DA:177,0
DA:178,0
DA:180,0
LF:17
LH:0
BRDA:165,0,0,0
BRDA:165,0,1,0
BRDA:170,1,0,0
BRDA:170,1,1,0
BRDA:173,2,0,0
BRDA:173,2,1,0
BRDA:176,3,0,0
BRDA:176,3,1,0
BRF:8
BRH:0
end_of_record
TN:
SF:E:\Ces-Archive\npc\src\views\modules\recycleBin\components\RecycleBinDoc.vue
FN:44,data
FN:74,codingAll
FN:75,archiveTypes
FN:77,config
FN:81,created
FN:85,getList
FN:89,(anonymous_8)
FN:95,handleSelectionChange
FN:98,handleFilter
FN:110,handleSizeChange
FN:114,handleCurrentChange
FN:118,handleRecover
FN:119,(anonymous_16)
FN:127,(anonymous_17)
FN:132,(anonymous_18)
FN:138,(anonymous_19)
FN:141,(anonymous_20)
FN:144,(anonymous_21)
FN:149,(anonymous_22)
FN:155,(anonymous_23)
FN:158,(anonymous_24)
FN:160,handleDeletes
FN:161,(anonymous_26)
FN:166,(anonymous_27)
FN:172,(anonymous_28)
FN:178,(anonymous_29)
FN:181,(anonymous_30)
FN:184,handledelEctronic
FNF:28
FNH:0
FNDA:0,data
FNDA:0,codingAll
FNDA:0,archiveTypes
FNDA:0,config
FNDA:0,created
FNDA:0,getList
FNDA:0,(anonymous_8)
FNDA:0,handleSelectionChange
FNDA:0,handleFilter
FNDA:0,handleSizeChange
FNDA:0,handleCurrentChange
FNDA:0,handleRecover
FNDA:0,(anonymous_16)
FNDA:0,(anonymous_17)
FNDA:0,(anonymous_18)
FNDA:0,(anonymous_19)
FNDA:0,(anonymous_20)
FNDA:0,(anonymous_21)
FNDA:0,(anonymous_22)
FNDA:0,(anonymous_23)
FNDA:0,(anonymous_24)
FNDA:0,handleDeletes
FNDA:0,(anonymous_26)
FNDA:0,(anonymous_27)
FNDA:0,(anonymous_28)
FNDA:0,(anonymous_29)
FNDA:0,(anonymous_30)
FNDA:0,handledelEctronic
DA:36,0
DA:37,0
DA:38,0
DA:45,0
DA:74,0
DA:75,0
DA:78,0
DA:82,0
DA:85,0
DA:86,0
DA:87,0
DA:88,0
DA:89,0
DA:90,0
DA:91,0
DA:92,0
DA:96,0
DA:99,0
DA:100,0
DA:101,0
DA:102,0
DA:104,0
DA:111,0
DA:112,0
DA:115,0
DA:116,0
DA:118,0
DA:119,0
DA:120,0
DA:125,0
DA:127,0
DA:132,0
DA:133,0
DA:134,0
DA:139,0
DA:144,0
DA:149,0
DA:150,0
DA:151,0
DA:156,0
DA:160,0
DA:161,0
DA:166,0
DA:167,0
DA:172,0
DA:173,0
DA:174,0
DA:179,0
DA:185,0
DA:186,0
DA:187,0
DA:188,0
DA:189,0
LF:53
LH:0
BRDA:99,0,0,0
BRDA:99,0,1,0
BRDA:99,1,0,0
BRDA:99,1,1,0
BRDA:101,2,0,0
BRDA:101,2,1,0
BRDA:101,3,0,0
BRDA:101,3,1,0
BRDA:118,4,0,0
BRDA:118,4,1,0
BRDA:118,4,2,0
BRDA:118,4,3,0
BRDA:118,4,4,0
BRDA:118,5,0,0
BRDA:118,5,1,0
BRF:15
BRH:0
end_of_record
TN:
SF:E:\Ces-Archive\npc\src\views\modules\recycleBin\components\RecycleBinFile.vue
FN:45,data
FN:80,codingAll
FN:81,archiveTypes
FN:83,config
FN:87,created
FN:91,getList
FN:95,(anonymous_8)
FN:101,handleSelectionChange
FN:104,handleFilter
FN:116,handleSizeChange
FN:120,handleCurrentChange
FN:124,handleRecover
FN:125,(anonymous_16)
FN:134,(anonymous_17)
FN:139,(anonymous_18)
FN:145,(anonymous_19)
FN:148,(anonymous_20)
FN:151,(anonymous_21)
FN:156,(anonymous_22)
FN:162,(anonymous_23)
FN:165,(anonymous_24)
FN:167,handleDeletes
FN:168,(anonymous_26)
FN:173,(anonymous_27)
FN:179,(anonymous_28)
FN:185,(anonymous_29)
FN:188,(anonymous_30)
FN:190,handleInfo
FNF:28
FNH:0
FNDA:0,data
FNDA:0,codingAll
FNDA:0,archiveTypes
FNDA:0,config
FNDA:0,created
FNDA:0,getList
FNDA:0,(anonymous_8)
FNDA:0,handleSelectionChange
FNDA:0,handleFilter
FNDA:0,handleSizeChange
FNDA:0,handleCurrentChange
FNDA:0,handleRecover
FNDA:0,(anonymous_16)
FNDA:0,(anonymous_17)
FNDA:0,(anonymous_18)
FNDA:0,(anonymous_19)
FNDA:0,(anonymous_20)
FNDA:0,(anonymous_21)
FNDA:0,(anonymous_22)
FNDA:0,(anonymous_23)
FNDA:0,(anonymous_24)
FNDA:0,handleDeletes
FNDA:0,(anonymous_26)
FNDA:0,(anonymous_27)
FNDA:0,(anonymous_28)
FNDA:0,(anonymous_29)
FNDA:0,(anonymous_30)
FNDA:0,handleInfo
DA:37,0
DA:38,0
DA:39,0
DA:46,0
DA:80,0
DA:81,0
DA:84,0
DA:88,0
DA:91,0
DA:92,0
DA:93,0
DA:94,0
DA:95,0
DA:96,0
DA:97,0
DA:98,0
DA:102,0
DA:105,0
DA:106,0
DA:107,0
DA:108,0
DA:110,0
DA:117,0
DA:118,0
DA:121,0
DA:122,0
DA:124,0
DA:125,0
DA:126,0
DA:132,0
DA:134,0
DA:139,0
DA:140,0
DA:141,0
DA:146,0
DA:151,0
DA:156,0
DA:157,0
DA:158,0
DA:163,0
DA:167,0
DA:168,0
DA:173,0
DA:174,0
DA:179,0
DA:180,0
DA:181,0
DA:186,0
DA:191,0
DA:192,0
DA:193,0
DA:194,0
DA:195,0
LF:53
LH:0
BRDA:105,0,0,0
BRDA:105,0,1,0
BRDA:105,1,0,0
BRDA:105,1,1,0
BRDA:107,2,0,0
BRDA:107,2,1,0
BRDA:107,3,0,0
BRDA:107,3,1,0
BRDA:124,4,0,0
BRDA:124,4,1,0
BRDA:124,4,2,0
BRDA:124,4,3,0
BRDA:124,4,4,0
BRDA:124,5,0,0
BRDA:124,5,1,0
BRF:15
BRH:0
end_of_record
TN:
SF:E:\Ces-Archive\npc\src\views\modules\recycleBin\components\RecycleBinFolder.vue
FN:45,data
FN:80,codingAll
FN:81,archiveTypes
FN:83,config
FN:87,created
FN:91,getList
FN:95,(anonymous_8)
FN:101,handleSelectionChange
FN:104,handleFilter
FN:116,handleSizeChange
FN:120,handleCurrentChange
FN:124,handleRecover
FN:125,(anonymous_14)
FN:131,(anonymous_15)
FN:136,(anonymous_16)
FN:142,(anonymous_17)
FN:145,(anonymous_18)
FN:147,handleDeletes
FN:148,(anonymous_20)
FN:153,(anonymous_21)
FN:159,(anonymous_22)
FN:165,(anonymous_23)
FN:168,(anonymous_24)
FN:170,handleInfo
FNF:24
FNH:0
FNDA:0,data
FNDA:0,codingAll
FNDA:0,archiveTypes
FNDA:0,config
FNDA:0,created
FNDA:0,getList
FNDA:0,(anonymous_8)
FNDA:0,handleSelectionChange
FNDA:0,handleFilter
FNDA:0,handleSizeChange
FNDA:0,handleCurrentChange
FNDA:0,handleRecover
FNDA:0,(anonymous_14)
FNDA:0,(anonymous_15)
FNDA:0,(anonymous_16)
FNDA:0,(anonymous_17)
FNDA:0,(anonymous_18)
FNDA:0,handleDeletes
FNDA:0,(anonymous_20)
FNDA:0,(anonymous_21)
FNDA:0,(anonymous_22)
FNDA:0,(anonymous_23)
FNDA:0,(anonymous_24)
FNDA:0,handleInfo
DA:37,0
DA:38,0
DA:39,0
DA:46,0
DA:80,0
DA:81,0
DA:84,0
DA:88,0
DA:91,0
DA:92,0
DA:93,0
DA:94,0
DA:95,0
DA:96,0
DA:97,0
DA:98,0
DA:102,0
DA:105,0
DA:106,0
DA:107,0
DA:108,0
DA:110,0
DA:117,0
DA:118,0
DA:121,0
DA:122,0
DA:124,0
DA:125,0
DA:126,0
DA:131,0
DA:136,0
DA:137,0
DA:138,0
DA:143,0
DA:147,0
DA:148,0
DA:153,0
DA:154,0
DA:159,0
DA:160,0
DA:161,0
DA:166,0
DA:171,0
DA:172,0
DA:173,0
DA:174,0
DA:175,0
LF:47
LH:0
BRDA:105,0,0,0
BRDA:105,0,1,0
BRDA:105,1,0,0
BRDA:105,1,1,0
BRDA:107,2,0,0
BRDA:107,2,1,0
BRDA:107,3,0,0
BRDA:107,3,1,0
BRF:8
BRH:0
end_of_record
TN:
SF:E:\Ces-Archive\npc\src\views\modules\reportDefine\index.vue
FN:20,data
FN:41,created
FN:45,getTreeData
FN:46,(anonymous_5)
FN:50,handleNodeClick
FNF:5
FNH:0
FNDA:0,data
FNDA:0,created
FNDA:0,getTreeData
FNDA:0,(anonymous_5)
FNDA:0,handleNodeClick
DA:13,0
DA:14,0
DA:21,0
DA:42,0
DA:45,0
DA:46,0
DA:47,0
DA:51,0
DA:52,0
DA:54,0
DA:55,0
DA:56,0
LF:12
LH:0
BRDA:51,0,0,0
BRDA:51,0,1,0
BRF:2
BRH:0
end_of_record
TN:
SF:E:\Ces-Archive\npc\src\views\modules\reportDefine\components\ReportCopy.vue
FN:33,data
FN:40,mounted
FN:44,getSelect
FN:45,(anonymous_4)
FN:49,changeSelect
FN:51,(anonymous_6)
FN:57,saveCopyReport
FN:60,(anonymous_8)
FN:67,(anonymous_9)
FN:69,(anonymous_10)
FN:74,(anonymous_11)
FN:80,(anonymous_12)
FN:83,(anonymous_13)
FN:92,(anonymous_14)
FNF:14
FNH:0
FNDA:0,data
FNDA:0,mounted
FNDA:0,getSelect
FNDA:0,(anonymous_4)
FNDA:0,changeSelect
FNDA:0,(anonymous_6)
FNDA:0,saveCopyReport
FNDA:0,(anonymous_8)
FNDA:0,(anonymous_9)
FNDA:0,(anonymous_10)
FNDA:0,(anonymous_11)
FNDA:0,(anonymous_12)
FNDA:0,(anonymous_13)
FNDA:0,(anonymous_14)
DA:20,0
DA:34,0
DA:41,0
DA:44,0
DA:45,0
DA:46,0
DA:49,0
DA:50,0
DA:51,0
DA:52,0
DA:53,0
DA:57,0
DA:58,0
DA:65,0
DA:66,0
DA:67,0
DA:68,0
DA:69,0
DA:74,0
DA:75,0
DA:82,0
DA:83,0
DA:84,0
LF:23
LH:0
BRDA:52,0,0,0
BRDA:52,0,1,0
BRDA:68,1,0,0
BRDA:68,1,1,0
BRDA:68,2,0,0
BRDA:68,2,1,0
BRDA:82,3,0,0
BRDA:82,3,1,0
BRF:8
BRH:0
end_of_record
TN:
SF:E:\Ces-Archive\npc\src\views\modules\reportDefine\components\ReportDerive.vue
FN:51,data
FNF:1
FNH:0
FNDA:0,data
DA:52,0
LF:1
LH:0
BRF:0
BRH:0
end_of_record
TN:
SF:E:\Ces-Archive\npc\src\views\modules\reportDefine\components\ReportDownLoad.vue
FN:52,mounted
FN:55,data
FN:65,getFile
FN:67,changeSelect
FN:70,save
FNF:5
FNH:0
FNDA:0,mounted
FNDA:0,data
FNDA:0,getFile
FNDA:0,changeSelect
FNDA:0,save
DA:45,0
DA:53,0
DA:56,0
DA:68,0
DA:71,0
LF:5
LH:0
BRF:0
BRH:0
end_of_record
TN:
SF:E:\Ces-Archive\npc\src\views\modules\reportDefine\components\ReportForm.vue
FN:29,_default
FN:35,_default
FN:40,data
FN:54,temp
FN:59,close
FN:62,addSave
FN:63,(anonymous_7)
FN:66,(anonymous_8)
FN:72,(anonymous_9)
FN:75,(anonymous_10)
FN:81,editSave
FN:82,(anonymous_12)
FN:85,(anonymous_13)
FN:88,(anonymous_14)
FN:95,(anonymous_15)
FNF:15
FNH:0
FNDA:0,_default
FNDA:0,_default
FNDA:0,data
FNDA:0,temp
FNDA:0,close
FNDA:0,addSave
FNDA:0,(anonymous_7)
FNDA:0,(anonymous_8)
FNDA:0,(anonymous_9)
FNDA:0,(anonymous_10)
FNDA:0,editSave
FNDA:0,(anonymous_12)
FNDA:0,(anonymous_13)
FNDA:0,(anonymous_14)
FNDA:0,(anonymous_15)
DA:20,0
DA:30,0
DA:36,0
DA:41,0
DA:55,0
DA:60,0
DA:62,0
DA:63,0
DA:64,0
DA:65,0
DA:66,0
DA:67,0
DA:69,0
DA:70,0
DA:71,0
DA:72,0
DA:73,0
DA:74,0
DA:76,0
DA:81,0
DA:82,0
DA:83,0
DA:84,0
DA:85,0
DA:86,0
DA:88,0
DA:89,0
DA:90,0
DA:91,0
DA:96,0
LF:30
LH:0
BRDA:64,0,0,0
BRDA:64,0,1,0
BRDA:83,1,0,0
BRDA:83,1,1,0
BRF:4
BRH:0
end_of_record
TN:
SF:E:\Ces-Archive\npc\src\views\modules\reportDefine\components\ReportLead.vue
FN:50,data
FNF:1
FNH:0
FNDA:0,data
DA:51,0
LF:1
LH:0
BRF:0
BRH:0
end_of_record
TN:
SF:E:\Ces-Archive\npc\src\views\modules\reportDefine\components\ReportListGrid.vue
FN:54,data
FN:94,handler
FN:101,typeColumn
FN:104,getList
FN:106,(anonymous_6)
FN:111,handleSelectionChange
FN:114,handleAdd
FN:125,handleEdit
FN:130,handleDeletes
FN:133,(anonymous_11)
FN:139,(anonymous_12)
FN:140,(anonymous_13)
FN:147,(anonymous_14)
FN:149,add
FN:164,upload
FN:168,download
FN:193,(anonymous_18)
FN:197,edit
FN:208,downloadNull
FN:234,(anonymous_21)
FNF:20
FNH:0
FNDA:0,data
FNDA:0,handler
FNDA:0,typeColumn
FNDA:0,getList
FNDA:0,(anonymous_6)
FNDA:0,handleSelectionChange
FNDA:0,handleAdd
FNDA:0,handleEdit
FNDA:0,handleDeletes
FNDA:0,(anonymous_11)
FNDA:0,(anonymous_12)
FNDA:0,(anonymous_13)
FNDA:0,(anonymous_14)
FNDA:0,add
FNDA:0,upload
FNDA:0,download
FNDA:0,(anonymous_18)
FNDA:0,edit
FNDA:0,downloadNull
FNDA:0,(anonymous_21)
DA:33,0
DA:34,0
DA:37,0
DA:55,0
DA:95,0
DA:102,0
DA:104,0
DA:105,0
DA:106,0
DA:107,0
DA:108,0
DA:112,0
DA:115,0
DA:116,0
DA:123,0
DA:126,0
DA:127,0
DA:128,0
DA:130,0
DA:131,0
DA:139,0
DA:140,0
DA:141,0
DA:142,0
DA:150,0
DA:151,0
DA:165,0
DA:166,0
DA:169,0
DA:173,0
DA:174,0
DA:175,0
DA:176,0
DA:177,0
DA:178,0
DA:179,0
DA:180,0
DA:181,0
DA:182,0
DA:183,0
DA:184,0
DA:185,0
DA:186,0
DA:187,0
DA:190,0
DA:191,0
DA:192,0
DA:193,0
DA:194,0
DA:198,0
DA:199,0
DA:209,0
DA:214,0
DA:215,0
DA:216,0
DA:217,0
DA:218,0
DA:219,0
DA:220,0
DA:221,0
DA:222,0
DA:223,0
DA:224,0
DA:225,0
DA:226,0
DA:227,0
DA:228,0
DA:231,0
DA:232,0
DA:233,0
DA:234,0
DA:235,0
LF:72
LH:0
BRDA:102,0,0,0
BRDA:102,0,1,0
BRDA:182,1,0,0
BRDA:182,1,1,0
BRDA:223,2,0,0
BRDA:223,2,1,0
BRF:6
BRH:0
end_of_record
TN:
SF:E:\Ces-Archive\npc\src\views\modules\reportDefine\components\ReportUpLoad.vue
FN:30,data
FN:41,handler
FN:48,handleExceed
FN:54,uploadSuccess
FN:64,uploadError
FNF:5
FNH:0
FNDA:0,data
FNDA:0,handler
FNDA:0,handleExceed
FNDA:0,uploadSuccess
FNDA:0,uploadError
DA:31,0
DA:42,0
DA:49,0
DA:55,0
DA:56,0
DA:57,0
DA:59,0
DA:65,0
LF:8
LH:0
BRDA:55,0,0,0
BRDA:55,0,1,0
BRF:2
BRH:0
end_of_record
TN:
SF:E:\Ces-Archive\npc\src\views\modules\reportDefine\components\RepottHock.vue
FN:40,data
FN:48,created
FN:53,getUnDefineNames
FN:54,(anonymous_4)
FN:58,getDefineNames
FN:59,(anonymous_6)
FN:63,handleUnDefineNamesSelectionChange
FN:66,handleDefineNamesSelectionChange
FN:69,moveToRight
FN:70,(anonymous_10)
FN:71,(anonymous_11)
FN:80,moveToLeft
FN:81,(anonymous_13)
FN:82,(anonymous_14)
FN:91,saveDefine
FN:92,(anonymous_16)
FN:97,(anonymous_17)
FNF:17
FNH:0
FNDA:0,data
FNDA:0,created
FNDA:0,getUnDefineNames
FNDA:0,(anonymous_4)
FNDA:0,getDefineNames
FNDA:0,(anonymous_6)
FNDA:0,handleUnDefineNamesSelectionChange
FNDA:0,handleDefineNamesSelectionChange
FNDA:0,moveToRight
FNDA:0,(anonymous_10)
FNDA:0,(anonymous_11)
FNDA:0,moveToLeft
FNDA:0,(anonymous_13)
FNDA:0,(anonymous_14)
FNDA:0,saveDefine
FNDA:0,(anonymous_16)
FNDA:0,(anonymous_17)
DA:33,0
DA:41,0
DA:49,0
DA:50,0
DA:53,0
DA:54,0
DA:55,0
DA:58,0
DA:59,0
DA:60,0
DA:64,0
DA:67,0
DA:69,0
DA:70,0
DA:71,0
DA:72,0
DA:73,0
DA:74,0
DA:75,0
DA:80,0
DA:81,0
DA:82,0
DA:83,0
DA:84,0
DA:85,0
DA:86,0
DA:91,0
DA:92,0
DA:93,0
DA:98,0
LF:30
LH:0
BRDA:72,0,0,0
BRDA:72,0,1,0
BRDA:83,1,0,0
BRDA:83,1,1,0
BRF:4
BRH:0
end_of_record
TN:
SF:E:\Ces-Archive\npc\src\views\modules\storageStatistic\index.vue
FN:130,data
FN:131,validateYear
FN:132,compareYear
FN:135,(anonymous_5)
FN:143,validateDate
FN:144,compareDate
FN:147,(anonymous_8)
FN:206,archiveTypes
FN:210,handleStatistic
FN:211,(anonymous_11)
FN:230,(anonymous_12)
FN:243,getChartData
FN:254,(anonymous_14)
FN:271,initChart
FN:274,(anonymous_16)
FN:291,update
FN:312,handleBack
FN:322,changeYear
FN:332,handleExportExcel
FN:356,(anonymous_21)
FNF:20
FNH:0
FNDA:0,data
FNDA:0,validateYear
FNDA:0,compareYear
FNDA:0,(anonymous_5)
FNDA:0,validateDate
FNDA:0,compareDate
FNDA:0,(anonymous_8)
FNDA:0,archiveTypes
FNDA:0,handleStatistic
FNDA:0,(anonymous_11)
FNDA:0,(anonymous_12)
FNDA:0,getChartData
FNDA:0,(anonymous_14)
FNDA:0,initChart
FNDA:0,(anonymous_16)
FNDA:0,update
FNDA:0,handleBack
FNDA:0,changeYear
FNDA:0,handleExportExcel
FNDA:0,(anonymous_21)
DA:121,0
DA:122,0
DA:123,0
DA:124,0
DA:130,0
DA:131,0
DA:133,0
DA:135,0
DA:136,0
DA:137,0
DA:139,0
DA:143,0
DA:145,0
DA:147,0
DA:148,0
DA:149,0
DA:151,0
DA:155,0
DA:206,0
DA:210,0
DA:211,0
DA:212,0
DA:213,0
DA:214,0
DA:220,0
DA:230,0
DA:231,0
DA:232,0
DA:233,0
DA:234,0
DA:235,0
DA:237,0
DA:239,0
DA:243,0
DA:244,0
DA:254,0
DA:255,0
DA:256,0
DA:257,0
DA:262,0
DA:263,0
DA:264,0
DA:265,0
DA:268,0
DA:272,0
DA:273,0
DA:274,0
DA:275,0
DA:276,0
DA:277,0
DA:278,0
DA:279,0
DA:281,0
DA:282,0
DA:291,0
DA:292,0
DA:293,0
DA:294,0
DA:295,0
DA:296,0
DA:297,0
DA:298,0
DA:299,0
DA:304,0
DA:305,0
DA:306,0
DA:310,0
DA:312,0
DA:313,0
DA:314,0
DA:315,0
DA:316,0
DA:317,0
DA:320,0
DA:322,0
DA:323,0
DA:324,0
DA:325,0
DA:326,0
DA:327,0
DA:330,0
DA:333,0
DA:336,0
DA:337,0
DA:338,0
DA:339,0
DA:340,0
DA:341,0
DA:342,0
DA:343,0
DA:344,0
DA:345,0
DA:346,0
DA:347,0
DA:348,0
DA:349,0
DA:350,0
DA:353,0
DA:354,0
DA:355,0
DA:356,0
DA:357,0
LF:102
LH:0
BRDA:136,0,0,0
BRDA:136,0,1,0
BRDA:148,1,0,0
BRDA:148,1,1,0
BRDA:212,2,0,0
BRDA:212,2,1,0
BRDA:254,3,0,0
BRDA:254,3,1,0
BRDA:263,4,0,0
BRDA:263,4,1,0
BRDA:276,5,0,0
BRDA:276,5,1,0
BRDA:293,6,0,0
BRDA:293,6,1,0
BRDA:294,7,0,0
BRDA:294,7,1,0
BRDA:294,8,0,0
BRDA:294,8,1,0
BRDA:296,9,0,0
BRDA:296,9,1,0
BRDA:298,10,0,0
BRDA:298,10,1,0
BRDA:296,11,0,0
BRDA:296,11,1,0
BRDA:291,12,0,0
BRDA:291,12,1,0
BRDA:315,13,0,0
BRDA:315,13,1,0
BRDA:312,14,0,0
BRDA:312,14,1,0
BRDA:325,15,0,0
BRDA:325,15,1,0
BRDA:322,16,0,0
BRDA:322,16,1,0
BRDA:345,17,0,0
BRDA:345,17,1,0
BRF:36
BRH:0
end_of_record
TN:
SF:E:\Ces-Archive\npc\src\views\modules\userPermission\index.vue
FN:29,data
FN:42,created
FN:46,getTreeData
FN:47,(anonymous_5)
FN:51,handleNodeClick
FNF:5
FNH:0
FNDA:0,data
FNDA:0,created
FNDA:0,getTreeData
FNDA:0,(anonymous_5)
FNDA:0,handleNodeClick
DA:20,0
DA:21,0
DA:22,0
DA:30,0
DA:43,0
DA:46,0
DA:47,0
DA:48,0
DA:52,0
DA:53,0
DA:55,0
DA:56,0
LF:12
LH:0
BRDA:52,0,0,0
BRDA:52,0,1,0
BRDA:56,1,0,0
BRDA:56,1,1,0
BRF:4
BRH:0
end_of_record
TN:
SF:E:\Ces-Archive\npc\src\views\modules\userPermission\components\ArchiveTreeViewDefine.vue
FN:25,data
FN:44,handler
FN:47,(anonymous_3)
FN:55,handler
FN:65,loadNode
FN:76,(anonymous_6)
FN:83,modifySave
FN:92,(anonymous_8)
FN:95,(anonymous_9)
FNF:9
FNH:0
FNDA:0,data
FNDA:0,handler
FNDA:0,(anonymous_3)
FNDA:0,handler
FNDA:0,loadNode
FNDA:0,(anonymous_6)
FNDA:0,modifySave
FNDA:0,(anonymous_8)
FNDA:0,(anonymous_9)
DA:14,0
DA:26,0
DA:44,0
DA:45,0
DA:46,0
DA:47,0
DA:48,0
DA:56,0
DA:57,0
DA:58,0
DA:65,0
DA:66,0
DA:70,0
DA:71,0
DA:72,0
DA:74,0
DA:76,0
DA:77,0
DA:78,0
DA:79,0
DA:80,0
DA:83,0
DA:84,0
DA:85,0
DA:86,0
DA:91,0
DA:92,0
DA:93,0
DA:95,0
DA:96,0
DA:97,0
LF:31
LH:0
BRDA:45,0,0,0
BRDA:45,0,1,0
BRDA:56,1,0,0
BRDA:56,1,1,0
BRDA:70,2,0,0
BRDA:70,2,1,0
BRDA:78,3,0,0
BRDA:78,3,1,0
BRDA:79,4,0,0
BRDA:79,4,1,0
BRF:10
BRH:0
end_of_record
TN:
SF:E:\Ces-Archive\npc\src\views\modules\userPermission\components\CopyForm.vue
FN:30,moduleList
FN:31,(anonymous_3)
FN:34,data
FN:40,handleSelectionChange
FN:44,saveCopy
FN:46,(anonymous_7)
FN:47,(anonymous_8)
FNF:7
FNH:0
FNDA:0,moduleList
FNDA:0,(anonymous_3)
FNDA:0,data
FNDA:0,handleSelectionChange
FNDA:0,saveCopy
FNDA:0,(anonymous_7)
FNDA:0,(anonymous_8)
DA:15,0
DA:31,0
DA:35,0
DA:41,0
DA:44,0
DA:45,0
DA:46,0
DA:47,0
DA:48,0
DA:49,0
LF:10
LH:0
BRF:0
BRH:0
end_of_record
TN:
SF:E:\Ces-Archive\npc\src\views\modules\userPermission\components\usingStatisticForm.vue
FN:51,data
FN:94,handler
FN:102,handler
FN:110,handler
FN:119,handlename
FN:122,getDefineTreeList
FN:123,(anonymous_8)
FN:131,save
FN:135,(anonymous_10)
FN:142,handleCopy
FN:146,getChangeTree
FN:147,(anonymous_13)
FNF:12
FNH:0
FNDA:0,data
FNDA:0,handler
FNDA:0,handler
FNDA:0,handler
FNDA:0,handlename
FNDA:0,getDefineTreeList
FNDA:0,(anonymous_8)
FNDA:0,save
FNDA:0,(anonymous_10)
FNDA:0,handleCopy
FNDA:0,getChangeTree
FNDA:0,(anonymous_13)
DA:36,0
DA:37,0
DA:38,0
DA:52,0
DA:95,0
DA:96,0
DA:103,0
DA:104,0
DA:111,0
DA:112,0
DA:120,0
DA:122,0
DA:123,0
DA:124,0
DA:125,0
DA:126,0
DA:127,0
DA:128,0
DA:131,0
DA:132,0
DA:133,0
DA:135,0
DA:136,0
DA:143,0
DA:144,0
DA:146,0
DA:147,0
DA:148,0
LF:28
LH:0
BRDA:95,0,0,0
BRDA:95,0,1,0
BRDA:103,1,0,0
BRDA:103,1,1,0
BRDA:111,2,0,0
BRDA:111,2,1,0
BRDA:132,3,0,0
BRDA:132,3,1,0
BRF:8
BRH:0
end_of_record
TN:
SF:E:\Ces-Archive\npc\src\views\modules\usingStatistic\index.vue
FN:113,data
FN:114,validateDate
FN:115,compareDate
FN:118,(anonymous_5)
FN:165,archiveTypes
FN:169,handleStatistic
FN:170,(anonymous_8)
FN:189,(anonymous_9)
FN:196,(anonymous_10)
FN:213,handleArchiveType
FN:216,getYData
FN:256,handleExportExcel
FN:280,(anonymous_14)
FN:284,changeDept
FNF:14
FNH:0
FNDA:0,data
FNDA:0,validateDate
FNDA:0,compareDate
FNDA:0,(anonymous_5)
FNDA:0,archiveTypes
FNDA:0,handleStatistic
FNDA:0,(anonymous_8)
FNDA:0,(anonymous_9)
FNDA:0,(anonymous_10)
FNDA:0,handleArchiveType
FNDA:0,getYData
FNDA:0,handleExportExcel
FNDA:0,(anonymous_14)
FNDA:0,changeDept
DA:104,0
DA:105,0
DA:106,0
DA:107,0
DA:113,0
DA:114,0
DA:116,0
DA:118,0
DA:119,0
DA:120,0
DA:122,0
DA:126,0
DA:165,0
DA:169,0
DA:170,0
DA:171,0
DA:172,0
DA:173,0
DA:179,0
DA:180,0
DA:181,0
DA:182,0
DA:189,0
DA:190,0
DA:191,0
DA:192,0
DA:193,0
DA:194,0
DA:196,0
DA:197,0
DA:198,0
DA:199,0
DA:200,0
DA:201,0
DA:202,0
DA:209,0
DA:214,0
DA:216,0
DA:217,0
DA:218,0
DA:219,0
DA:220,0
DA:221,0
DA:224,0
DA:257,0
DA:260,0
DA:261,0
DA:262,0
DA:263,0
DA:264,0
DA:265,0
DA:266,0
DA:267,0
DA:268,0
DA:269,0
DA:270,0
DA:271,0
DA:272,0
DA:273,0
DA:274,0
DA:277,0
DA:278,0
DA:279,0
DA:280,0
DA:281,0
DA:285,0
LF:66
LH:0
BRDA:119,0,0,0
BRDA:119,0,1,0
BRDA:171,1,0,0
BRDA:171,1,1,0
BRDA:196,2,0,0
BRDA:196,2,1,0
BRDA:219,3,0,0
BRDA:219,3,1,0
BRDA:216,4,0,0
BRDA:216,4,1,0
BRDA:269,5,0,0
BRDA:269,5,1,0
BRF:12
BRH:0
end_of_record
TN:
SF:E:\Ces-Archive\npc\src\views\modules\yearReportStatistic\index.vue
FN:672,data
FN:796,created
FN:800,getDate
FN:804,handleChange
FN:809,(anonymous_6)
FN:813,handleStatistic
FN:815,(anonymous_8)
FN:820,save
FN:822,(anonymous_10)
FNF:9
FNH:0
FNDA:0,data
FNDA:0,created
FNDA:0,getDate
FNDA:0,handleChange
FNDA:0,(anonymous_6)
FNDA:0,handleStatistic
FNDA:0,(anonymous_8)
FNDA:0,save
FNDA:0,(anonymous_10)
DA:669,0
DA:673,0
DA:797,0
DA:801,0
DA:802,0
DA:804,0
DA:805,0
DA:809,0
DA:810,0
DA:813,0
DA:814,0
DA:815,0
DA:816,0
DA:817,0
DA:820,0
DA:821,0
DA:822,0
DA:823,0
DA:824,0
LF:19
LH:0
BRF:0
BRH:0
end_of_record
